Using pre-set license
Built from '2022.3/staging' branch; Version is '2022.3.8f1 (b5eafc012955) revision 11922172'; Using compiler version '192829333'; Build Type 'Release'
OS: 'Windows 10  (10.0.19044) 64bit Professional' Language: 'en' Physical Memory: 14274 MB
BatchMode: 1, IsHumanControllingUs: 0, StartBugReporterOnCrash: 0, Is64bit: 1, IsPro: 1

COMMAND LINE ARGUMENTS:
C:\Program Files\Unity\Hub\Editor\2022.3.8f1\Editor\Unity.exe
-adb2
-batchMode
-noUpm
-name
AssetImportWorker0
-projectPath
D:/Semeter_8/PRU221m/project_pru/RacingCar
-logFile
Logs/AssetImportWorker0.log
-srvPort
54597
Successfully changed project path to: D:/Semeter_8/PRU221m/project_pru/RacingCar
D:/Semeter_8/PRU221m/project_pru/RacingCar
[UnityMemory] Configuration Parameters - Can be set up in boot.config
    "memorysetup-bucket-allocator-granularity=16"
    "memorysetup-bucket-allocator-bucket-count=8"
    "memorysetup-bucket-allocator-block-size=33554432"
    "memorysetup-bucket-allocator-block-count=8"
    "memorysetup-main-allocator-block-size=16777216"
    "memorysetup-thread-allocator-block-size=16777216"
    "memorysetup-gfx-main-allocator-block-size=16777216"
    "memorysetup-gfx-thread-allocator-block-size=16777216"
    "memorysetup-cache-allocator-block-size=4194304"
    "memorysetup-typetree-allocator-block-size=2097152"
    "memorysetup-profiler-bucket-allocator-granularity=16"
    "memorysetup-profiler-bucket-allocator-bucket-count=8"
    "memorysetup-profiler-bucket-allocator-block-size=33554432"
    "memorysetup-profiler-bucket-allocator-block-count=8"
    "memorysetup-profiler-allocator-block-size=16777216"
    "memorysetup-profiler-editor-allocator-block-size=1048576"
    "memorysetup-temp-allocator-size-main=16777216"
    "memorysetup-job-temp-allocator-block-size=2097152"
    "memorysetup-job-temp-allocator-block-size-background=1048576"
    "memorysetup-job-temp-allocator-reduction-small-platforms=262144"
    "memorysetup-allocator-temp-initial-block-size-main=262144"
    "memorysetup-allocator-temp-initial-block-size-worker=262144"
    "memorysetup-temp-allocator-size-background-worker=32768"
    "memorysetup-temp-allocator-size-job-worker=262144"
    "memorysetup-temp-allocator-size-preload-manager=33554432"
    "memorysetup-temp-allocator-size-nav-mesh-worker=65536"
    "memorysetup-temp-allocator-size-audio-worker=65536"
    "memorysetup-temp-allocator-size-cloud-worker=32768"
    "memorysetup-temp-allocator-size-gi-baking-worker=262144"
    "memorysetup-temp-allocator-size-gfx=262144"
Player connection [3820] Host "[IP] 192.168.1.175 [Port] 0 [Flags] 2 [Guid] 2187992312 [EditorId] 2187992312 [Version] 1048832 [Id] WindowsEditor(7,DESKTOP-IQMUF2V) [Debug] 1 [PackageName] WindowsEditor [ProjectName] Editor" joined multi-casting on [225.0.0.222:54997]...

Player connection [3820] Host "[IP] 192.168.1.175 [Port] 0 [Flags] 2 [Guid] 2187992312 [EditorId] 2187992312 [Version] 1048832 [Id] WindowsEditor(7,DESKTOP-IQMUF2V) [Debug] 1 [PackageName] WindowsEditor [ProjectName] Editor" joined alternative multi-casting on [225.0.0.222:34997]...

[Physics::Module] Initialized MultithreadedJobDispatcher with 7 workers.
Refreshing native plugins compatible for Editor in 12.40 ms, found 3 plugins.
Preloading 0 native plugins for Editor in 0.00 ms.
Initialize engine version: 2022.3.8f1 (b5eafc012955)
[Subsystems] Discovering subsystems at path C:/Program Files/Unity/Hub/Editor/2022.3.8f1/Editor/Data/Resources/UnitySubsystems
[Subsystems] Discovering subsystems at path D:/Semeter_8/PRU221m/project_pru/RacingCar/Assets
GfxDevice: creating device client; threaded=0; jobified=0
Direct3D:
    Version:  Direct3D 11.0 [level 11.1]
    Renderer: Radeon RX 560X Series (ID=0x67ef)
    Vendor:   ATI
    VRAM:     4076 MB
    Driver:   31.0.21029.1006
Initialize mono
Mono path[0] = 'C:/Program Files/Unity/Hub/Editor/2022.3.8f1/Editor/Data/Managed'
Mono path[1] = 'C:/Program Files/Unity/Hub/Editor/2022.3.8f1/Editor/Data/MonoBleedingEdge/lib/mono/unityjit-win32'
Mono config path = 'C:/Program Files/Unity/Hub/Editor/2022.3.8f1/Editor/Data/MonoBleedingEdge/etc'
Using monoOptions --debugger-agent=transport=dt_socket,embedding=1,server=y,suspend=n,address=127.0.0.1:56984
Begin MonoManager ReloadAssembly
Registering precompiled unity dll's ...
Register platform support module: C:/Program Files/Unity/Hub/Editor/2022.3.8f1/Editor/Data/PlaybackEngines/WebGLSupport/UnityEditor.WebGL.Extensions.dll
Register platform support module: C:/Program Files/Unity/Hub/Editor/2022.3.8f1/Editor/Data/PlaybackEngines/WindowsStandaloneSupport/UnityEditor.WindowsStandalone.Extensions.dll
Registered in 0.018393 seconds.
- Loaded All Assemblies, in  0.694 seconds
Native extension for WindowsStandalone target not found
Native extension for WebGL target not found
Mono: successfully reloaded assembly
- Finished resetting the current domain, in  0.464 seconds
Domain Reload Profiling: 1156ms
	BeginReloadAssembly (209ms)
		ExecutionOrderSort (0ms)
		DisableScriptedObjects (0ms)
		BackupInstance (0ms)
		ReleaseScriptingObjects (0ms)
		CreateAndSetChildDomain (1ms)
	RebuildCommonClasses (75ms)
	RebuildNativeTypeToScriptingClass (21ms)
	initialDomainReloadingComplete (119ms)
	LoadAllAssembliesAndSetupDomain (268ms)
		LoadAssemblies (205ms)
		RebuildTransferFunctionScriptingTraits (0ms)
		AnalyzeDomain (264ms)
			TypeCache.Refresh (262ms)
				TypeCache.ScanAssembly (239ms)
			ScanForSourceGeneratedMonoScriptInfo (1ms)
			ResolveRequiredComponents (1ms)
	FinalizeReload (465ms)
		ReleaseScriptCaches (0ms)
		RebuildScriptCaches (0ms)
		SetupLoadedEditorAssemblies (354ms)
			LogAssemblyErrors (0ms)
			InitializePlatformSupportModulesInManaged (21ms)
			SetLoadedEditorAssemblies (10ms)
			RefreshPlugins (0ms)
			BeforeProcessingInitializeOnLoad (4ms)
			ProcessInitializeOnLoadAttributes (245ms)
			ProcessInitializeOnLoadMethodAttributes (75ms)
			AfterProcessingInitializeOnLoad (0ms)
			EditorAssembliesLoaded (0ms)
		ExecutionOrderSort2 (0ms)
		AwakeInstancesAfterBackupRestoration (0ms)
========================================================================
Worker process is ready to serve import requests
Begin MonoManager ReloadAssembly
- Loaded All Assemblies, in  0.950 seconds
Refreshing native plugins compatible for Editor in 3.08 ms, found 3 plugins.
Native extension for WindowsStandalone target not found
Native extension for WebGL target not found
Package Manager log level set to [2]
[Package Manager] Server::EnsureServerProcessIsRunning -- launch failed, reason: Unity was launched with the -noUpm command-line argument
[Package Manager] UpmClient::Send -- Unable to send message (not connected to UPM process).
[Package Manager] Cannot connect to Unity Package Manager local server
Mono: successfully reloaded assembly
- Finished resetting the current domain, in  1.122 seconds
Domain Reload Profiling: 2070ms
	BeginReloadAssembly (231ms)
		ExecutionOrderSort (0ms)
		DisableScriptedObjects (7ms)
		BackupInstance (0ms)
		ReleaseScriptingObjects (0ms)
		CreateAndSetChildDomain (28ms)
	RebuildCommonClasses (73ms)
	RebuildNativeTypeToScriptingClass (23ms)
	initialDomainReloadingComplete (80ms)
	LoadAllAssembliesAndSetupDomain (541ms)
		LoadAssemblies (428ms)
		RebuildTransferFunctionScriptingTraits (0ms)
		AnalyzeDomain (262ms)
			TypeCache.Refresh (236ms)
				TypeCache.ScanAssembly (217ms)
			ScanForSourceGeneratedMonoScriptInfo (18ms)
			ResolveRequiredComponents (6ms)
	FinalizeReload (1123ms)
		ReleaseScriptCaches (0ms)
		RebuildScriptCaches (0ms)
		SetupLoadedEditorAssemblies (886ms)
			LogAssemblyErrors (0ms)
			InitializePlatformSupportModulesInManaged (24ms)
			SetLoadedEditorAssemblies (8ms)
			RefreshPlugins (0ms)
			BeforeProcessingInitializeOnLoad (173ms)
			ProcessInitializeOnLoadAttributes (612ms)
			ProcessInitializeOnLoadMethodAttributes (53ms)
			AfterProcessingInitializeOnLoad (16ms)
			EditorAssembliesLoaded (0ms)
		ExecutionOrderSort2 (0ms)
		AwakeInstancesAfterBackupRestoration (12ms)
Launched and connected shader compiler UnityShaderCompiler.exe after 0.09 seconds
Refreshing native plugins compatible for Editor in 5.16 ms, found 3 plugins.
Preloading 0 native plugins for Editor in 0.00 ms.
Unloading 3069 Unused Serialized files (Serialized files now loaded: 0)
Unloading 31 unused Assets / (56.4 KB). Loaded Objects now: 3531.
Memory consumption went from 113.8 MB to 113.7 MB.
Total: 4.641000 ms (FindLiveObjects: 0.375800 ms CreateObjectMapping: 0.119900 ms MarkObjects: 3.970000 ms  DeleteObjects: 0.173900 ms)

AssetImportParameters requested are different than current active one (requested -> active):
  custom:container-demuxer-ogg: 62fdf1f143b41e24485cea50d1cbac27 -> 
  custom:video-decoder-ogg-theora: a1e56fd34408186e4bbccfd4996cb3dc -> 
  custom:framework-win-MediaFoundation: 216162199b28c13a410421893ffa2e32 -> 
  custom:container-demuxer-webm: 4f35f7cbe854078d1ac9338744f61a02 -> 
  custom:container-muxer-webm: aa71ff27fc2769a1b78a27578f13a17b -> 
  custom:video-decoder-webm-vp8: 9c59270c3fd7afecdb556c50c9e8de78 -> 
  custom:AudioImporter_EditorPlatform: d09bf68614088b80899f8185d706f6e7 -> 
  custom:video-encoder-webm-vp8: eb34c28f22e8b96e1ab97ce403110664 -> 
  custom:audio-decoder-ogg-vorbis: bf7c407c2cedff20999df2af8eb42d56 -> 
  custom:audio-encoder-webm-vorbis: bf7c407c2cedff20999df2af8eb42d56 -> 
========================================================================
Received Prepare
Refreshing native plugins compatible for Editor in 2.23 ms, found 3 plugins.
Preloading 0 native plugins for Editor in 0.00 ms.
Unloading 1 Unused Serialized files (Serialized files now loaded: 0)
Unloading 1 unused Assets / (3.0 KB). Loaded Objects now: 3531.
Memory consumption went from 65.5 MB to 65.5 MB.
Total: 4.359700 ms (FindLiveObjects: 0.358500 ms CreateObjectMapping: 0.151800 ms MarkObjects: 3.821800 ms  DeleteObjects: 0.026500 ms)

Prepare: number of updated asset objects reloaded= 0
AssetImportParameters requested are different than current active one (requested -> active):
  custom:container-demuxer-ogg: 62fdf1f143b41e24485cea50d1cbac27 -> 
  custom:video-decoder-ogg-theora: a1e56fd34408186e4bbccfd4996cb3dc -> 
  custom:framework-win-MediaFoundation: 216162199b28c13a410421893ffa2e32 -> 
  custom:CustomObjectIndexerAttribute: 756ad292c208cfabdd7b50bc23989ffe -> 
  custom:container-demuxer-webm: 4f35f7cbe854078d1ac9338744f61a02 -> 
  custom:container-muxer-webm: aa71ff27fc2769a1b78a27578f13a17b -> 
  custom:video-decoder-webm-vp8: 9c59270c3fd7afecdb556c50c9e8de78 -> 
  custom:SearchIndexIgnoredProperties: e643bd26f0fe6173181afceb89e7c659 -> 
  custom:AudioImporter_EditorPlatform: d09bf68614088b80899f8185d706f6e7 -> 
  custom:video-encoder-webm-vp8: eb34c28f22e8b96e1ab97ce403110664 -> 
  custom:audio-decoder-ogg-vorbis: bf7c407c2cedff20999df2af8eb42d56 -> 
  custom:audio-encoder-webm-vorbis: bf7c407c2cedff20999df2af8eb42d56 -> 
========================================================================
Received Import Request.
  Time since last request: 79344.385345 seconds.
  path: Assets/Scenes/NewBrush.brush
  artifactKey: Guid(3deae79598e81954b90c9887f5d3fcab) Importer(815301076,1909f56bfc062723c751e8b465ee728b)
Start importing Assets/Scenes/NewBrush.brush using Guid(3deae79598e81954b90c9887f5d3fcab) Importer(815301076,1909f56bfc062723c751e8b465ee728b)  -> (artifact id: '027a2e5e240da611adbb10c30db107fd') in 0.118668 seconds
Number of updated asset objects reloaded before import = 0
Number of asset objects unloaded after import = 1
========================================================================
Received Import Request.
  Time since last request: 103.408712 seconds.
  path: Assets/Scenes/NewBrush 1.brush
  artifactKey: Guid(8821bc9f16222274999fc067b65a200a) Importer(815301076,1909f56bfc062723c751e8b465ee728b)
Start importing Assets/Scenes/NewBrush 1.brush using Guid(8821bc9f16222274999fc067b65a200a) Importer(815301076,1909f56bfc062723c751e8b465ee728b)  -> (artifact id: '34d6da327bddb34c5b25f788012ac0c1') in 0.019505 seconds
Number of updated asset objects reloaded before import = 0
Number of asset objects unloaded after import = 1
========================================================================
Received Import Request.
  Time since last request: 17.797549 seconds.
  path: Assets/Scenes/NewBrush 2.brush
  artifactKey: Guid(a713360aa2ec05245b1c89fd69d77984) Importer(815301076,1909f56bfc062723c751e8b465ee728b)
Start importing Assets/Scenes/NewBrush 2.brush using Guid(a713360aa2ec05245b1c89fd69d77984) Importer(815301076,1909f56bfc062723c751e8b465ee728b)  -> (artifact id: 'a5b1f52dc996e2a816085a595fd25a00') in 0.006733 seconds
Number of updated asset objects reloaded before import = 0
Number of asset objects unloaded after import = 1
========================================================================
Received Import Request.
  Time since last request: 10.630322 seconds.
  path: Assets/Scenes/NewBrush 3.brush
  artifactKey: Guid(e94b2595810e6694a982577629edf07d) Importer(815301076,1909f56bfc062723c751e8b465ee728b)
Start importing Assets/Scenes/NewBrush 3.brush using Guid(e94b2595810e6694a982577629edf07d) Importer(815301076,1909f56bfc062723c751e8b465ee728b)  -> (artifact id: 'e86dbb3716bcac7a94dfbacb7fcbac2c') in 0.019858 seconds
Number of updated asset objects reloaded before import = 0
Number of asset objects unloaded after import = 1
========================================================================
Received Import Request.
  Time since last request: 189.568749 seconds.
  path: Assets/New Terrain.asset
  artifactKey: Guid(00725071f99b98a49babedba79443fa0) Importer(815301076,1909f56bfc062723c751e8b465ee728b)
Start importing Assets/New Terrain.asset using Guid(00725071f99b98a49babedba79443fa0) Importer(815301076,1909f56bfc062723c751e8b465ee728b)  -> (artifact id: '8ffce4f3a3c0535dc83bf5fd0d2001cc') in 0.013161 seconds
Number of updated asset objects reloaded before import = 0
Number of asset objects unloaded after import = 1
========================================================================
Received Import Request.
  Time since last request: 59.957891 seconds.
  path: Assets/AddOns/MgKarting_Racetrack/Materials
  artifactKey: Guid(73d12bd66416f0b419e1cf1bdb933f33) Importer(815301076,1909f56bfc062723c751e8b465ee728b)
Start importing Assets/AddOns/MgKarting_Racetrack/Materials using Guid(73d12bd66416f0b419e1cf1bdb933f33) Importer(815301076,1909f56bfc062723c751e8b465ee728b)  -> (artifact id: '76792843e71126fd9a7412f15ebd77bb') in 0.000888 seconds
Number of updated asset objects reloaded before import = 0
Number of asset objects unloaded after import = 0
========================================================================
Received Import Request.
  Time since last request: 0.065720 seconds.
  path: Assets/AddOns/MgKarting_Racetrack/Materials/Default.mat
  artifactKey: Guid(9c85a8e1f52c520458bc41759e0b4f12) Importer(815301076,1909f56bfc062723c751e8b465ee728b)
Start importing Assets/AddOns/MgKarting_Racetrack/Materials/Default.mat using Guid(9c85a8e1f52c520458bc41759e0b4f12) Importer(815301076,1909f56bfc062723c751e8b465ee728b)  -> (artifact id: 'ca6a55ae21ada737ed9257a5bb9c3708') in 0.109419 seconds
Number of updated asset objects reloaded before import = 0
Number of asset objects unloaded after import = 1
========================================================================
Received Import Request.
  Time since last request: 0.000046 seconds.
  path: Assets/AddOns/MgKarting_Racetrack/Materials/RTC_Track.mat
  artifactKey: Guid(1a4a59638388ff247909634184e9d4ff) Importer(815301076,1909f56bfc062723c751e8b465ee728b)
Start importing Assets/AddOns/MgKarting_Racetrack/Materials/RTC_Track.mat using Guid(1a4a59638388ff247909634184e9d4ff) Importer(815301076,1909f56bfc062723c751e8b465ee728b)  -> (artifact id: 'c84bf09d70b526e8fac5c0a981247bb6') in 0.014766 seconds
Number of updated asset objects reloaded before import = 0
Number of asset objects unloaded after import = 3
========================================================================
Received Import Request.
  Time since last request: 0.000043 seconds.
  path: Assets/AddOns/MgKarting_Racetrack/Materials/RTC_Barrier_A_Color_02.mat
  artifactKey: Guid(2d4507ea4b44cf44e87cdc5d80747904) Importer(815301076,1909f56bfc062723c751e8b465ee728b)
Start importing Assets/AddOns/MgKarting_Racetrack/Materials/RTC_Barrier_A_Color_02.mat using Guid(2d4507ea4b44cf44e87cdc5d80747904) Importer(815301076,1909f56bfc062723c751e8b465ee728b)  -> (artifact id: '9f49c9f3cf81bcc7f040b529d098f084') in 0.014905 seconds
Number of updated asset objects reloaded before import = 0
Number of asset objects unloaded after import = 3
========================================================================
Received Import Request.
  Time since last request: 0.000035 seconds.
  path: Assets/AddOns/MgKarting_Racetrack/Materials/Skybox_Mat.mat
  artifactKey: Guid(0ffaa0b7117ba8c47a9d05ae701d4b4d) Importer(815301076,1909f56bfc062723c751e8b465ee728b)
Start importing Assets/AddOns/MgKarting_Racetrack/Materials/Skybox_Mat.mat using Guid(0ffaa0b7117ba8c47a9d05ae701d4b4d) Importer(815301076,1909f56bfc062723c751e8b465ee728b)  -> (artifact id: '3e23fb100c30d536e49d194c3092d12a') in 0.202343 seconds
Number of updated asset objects reloaded before import = 0
Number of asset objects unloaded after import = 1
========================================================================
Received Import Request.
  Time since last request: 17.358065 seconds.
  path: Assets/AddOns/MgKarting_Racetrack/Models/RTC/Barrier_A
  artifactKey: Guid(7d51970f43517914597017058e1a43ad) Importer(815301076,1909f56bfc062723c751e8b465ee728b)
Start importing Assets/AddOns/MgKarting_Racetrack/Models/RTC/Barrier_A using Guid(7d51970f43517914597017058e1a43ad) Importer(815301076,1909f56bfc062723c751e8b465ee728b)  -> (artifact id: 'bc612440c69c4335b2650935c406994a') in 0.000467 seconds
Number of updated asset objects reloaded before import = 0
Number of asset objects unloaded after import = 0
========================================================================
Received Import Request.
  Time since last request: 0.251835 seconds.
  path: Assets/AddOns/MgKarting_Racetrack/Models/RTC/Barrier_A/RTC_BankLeft_Straight_Barrier_A.fbx
  artifactKey: Guid(a6cdd7c164cfe7341a0cb80101e42fd5) Importer(815301076,1909f56bfc062723c751e8b465ee728b)
Start importing Assets/AddOns/MgKarting_Racetrack/Models/RTC/Barrier_A/RTC_BankLeft_Straight_Barrier_A.fbx using Guid(a6cdd7c164cfe7341a0cb80101e42fd5) Importer(815301076,1909f56bfc062723c751e8b465ee728b)  -> (artifact id: '48a7de6f558a6482443479270ae3437a') in 0.503699 seconds
Number of updated asset objects reloaded before import = 0
Number of asset objects unloaded after import = 13
========================================================================
Received Import Request.
  Time since last request: 0.000080 seconds.
  path: Assets/AddOns/MgKarting_Racetrack/Models/RTC/Barrier_A/RTC_Straight_Barrier_A.fbx
  artifactKey: Guid(4dea9bcf640a5794cb2e8d199194b1d7) Importer(815301076,1909f56bfc062723c751e8b465ee728b)
Start importing Assets/AddOns/MgKarting_Racetrack/Models/RTC/Barrier_A/RTC_Straight_Barrier_A.fbx using Guid(4dea9bcf640a5794cb2e8d199194b1d7) Importer(815301076,1909f56bfc062723c751e8b465ee728b)  -> (artifact id: 'e2b65feab761ace3c3b5933ef129142a') in 0.047997 seconds
Number of updated asset objects reloaded before import = 0
Number of asset objects unloaded after import = 13
========================================================================
Received Import Request.
  Time since last request: 0.000044 seconds.
  path: Assets/AddOns/MgKarting_Racetrack/Models/RTC/Barrier_A/RTC_BankRight_TurnShort_Barrier_A.fbx
  artifactKey: Guid(b513bf21bd5a83746bdc73886482c087) Importer(815301076,1909f56bfc062723c751e8b465ee728b)
Start importing Assets/AddOns/MgKarting_Racetrack/Models/RTC/Barrier_A/RTC_BankRight_TurnShort_Barrier_A.fbx using Guid(b513bf21bd5a83746bdc73886482c087) Importer(815301076,1909f56bfc062723c751e8b465ee728b)  -> (artifact id: '5a30580706747b06f543c9a30bdb2a7d') in 0.036643 seconds
Number of updated asset objects reloaded before import = 0
Number of asset objects unloaded after import = 13
========================================================================
Received Import Request.
  Time since last request: 0.000042 seconds.
  path: Assets/AddOns/MgKarting_Racetrack/Models/RTC/Barrier_A/RTC_TurnU_Barrier_A.fbx
  artifactKey: Guid(47dc0151b873c0b418fefbedce23b64d) Importer(815301076,1909f56bfc062723c751e8b465ee728b)
Start importing Assets/AddOns/MgKarting_Racetrack/Models/RTC/Barrier_A/RTC_TurnU_Barrier_A.fbx using Guid(47dc0151b873c0b418fefbedce23b64d) Importer(815301076,1909f56bfc062723c751e8b465ee728b)  -> (artifact id: '9baeba42179e32c4e981f7768749d4d3') in 0.042508 seconds
Number of updated asset objects reloaded before import = 0
Number of asset objects unloaded after import = 13
========================================================================
Received Import Request.
  Time since last request: 0.000035 seconds.
  path: Assets/AddOns/MgKarting_Racetrack/Models/RTC/Barrier_A/RTC_Ramp_5m_Barrier_A.fbx
  artifactKey: Guid(03b1b225fd2c4eb47bca838452bc63a6) Importer(815301076,1909f56bfc062723c751e8b465ee728b)
Start importing Assets/AddOns/MgKarting_Racetrack/Models/RTC/Barrier_A/RTC_Ramp_5m_Barrier_A.fbx using Guid(03b1b225fd2c4eb47bca838452bc63a6) Importer(815301076,1909f56bfc062723c751e8b465ee728b)  -> (artifact id: '8d8ae60a387237ececd89e9971319a6f') in 0.038965 seconds
Number of updated asset objects reloaded before import = 0
Number of asset objects unloaded after import = 13
========================================================================
Received Import Request.
  Time since last request: 0.000041 seconds.
  path: Assets/AddOns/MgKarting_Racetrack/Models/RTC/Barrier_A/RTC_TurnLong_Barrier_A.fbx
  artifactKey: Guid(dfdb4302a58b561478f26a571344932f) Importer(815301076,1909f56bfc062723c751e8b465ee728b)
Start importing Assets/AddOns/MgKarting_Racetrack/Models/RTC/Barrier_A/RTC_TurnLong_Barrier_A.fbx using Guid(dfdb4302a58b561478f26a571344932f) Importer(815301076,1909f56bfc062723c751e8b465ee728b)  -> (artifact id: '1da428ee8ca197b7a8e0932581fdb15a') in 0.040896 seconds
Number of updated asset objects reloaded before import = 0
Number of asset objects unloaded after import = 13
========================================================================
Received Import Request.
  Time since last request: 0.000036 seconds.
  path: Assets/AddOns/MgKarting_Racetrack/Models/RTC/Barrier_A/RTC_Ramp_TurnLeft_5m_Barrier.fbx
  artifactKey: Guid(ab427fa234a3c18409171a3b8866bc15) Importer(815301076,1909f56bfc062723c751e8b465ee728b)
Start importing Assets/AddOns/MgKarting_Racetrack/Models/RTC/Barrier_A/RTC_Ramp_TurnLeft_5m_Barrier.fbx using Guid(ab427fa234a3c18409171a3b8866bc15) Importer(815301076,1909f56bfc062723c751e8b465ee728b)  -> (artifact id: '04f75eb43db643ba6fff3cabaa26eece') in 0.037999 seconds
Number of updated asset objects reloaded before import = 0
Number of asset objects unloaded after import = 13
========================================================================
Received Import Request.
  Time since last request: 0.000049 seconds.
  path: Assets/AddOns/MgKarting_Racetrack/Models/RTC/Barrier_A/RTC_StraightLong_Barrier_A.fbx
  artifactKey: Guid(f6ba682425386a14aad7eb9870a28cf1) Importer(815301076,1909f56bfc062723c751e8b465ee728b)
Start importing Assets/AddOns/MgKarting_Racetrack/Models/RTC/Barrier_A/RTC_StraightLong_Barrier_A.fbx using Guid(f6ba682425386a14aad7eb9870a28cf1) Importer(815301076,1909f56bfc062723c751e8b465ee728b)  -> (artifact id: 'dcea3bc6594db1ec77be331ad7ed633e') in 0.041072 seconds
Number of updated asset objects reloaded before import = 0
Number of asset objects unloaded after import = 13
========================================================================
Received Import Request.
  Time since last request: 0.000058 seconds.
  path: Assets/AddOns/MgKarting_Racetrack/Models/RTC/Barrier_A/RTC_ChicaneS_Right_Barrier_A.fbx
  artifactKey: Guid(f30d8323957846c4ea2189d13479fa3d) Importer(815301076,1909f56bfc062723c751e8b465ee728b)
Start importing Assets/AddOns/MgKarting_Racetrack/Models/RTC/Barrier_A/RTC_ChicaneS_Right_Barrier_A.fbx using Guid(f30d8323957846c4ea2189d13479fa3d) Importer(815301076,1909f56bfc062723c751e8b465ee728b)  -> (artifact id: '48550ff14f3099e1af57f97191d78ef6') in 0.033001 seconds
Number of updated asset objects reloaded before import = 0
Number of asset objects unloaded after import = 13
========================================================================
Received Import Request.
  Time since last request: 54.180235 seconds.
  path: Assets/Scenes
  artifactKey: Guid(7dd7e153575c8eb45990343a29ee6c86) Importer(815301076,1909f56bfc062723c751e8b465ee728b)
Start importing Assets/Scenes using Guid(7dd7e153575c8eb45990343a29ee6c86) Importer(815301076,1909f56bfc062723c751e8b465ee728b)  -> (artifact id: 'd508e07594eceab5c759cfa81f7ff9b7') in 0.000623 seconds
Number of updated asset objects reloaded before import = 0
Number of asset objects unloaded after import = 0
========================================================================
Received Import Request.
  Time since last request: 859.820416 seconds.
  path: Assets/Scenes/SampleScene.unity
  artifactKey: Guid(9fc0d4010bbf28b4594072e72b8655ab) Importer(815301076,1909f56bfc062723c751e8b465ee728b)
Start importing Assets/Scenes/SampleScene.unity using Guid(9fc0d4010bbf28b4594072e72b8655ab) Importer(815301076,1909f56bfc062723c751e8b465ee728b)  -> (artifact id: 'f6a6bd3d8e833d621e24adb6d1a80d82') in 0.000736 seconds
Number of updated asset objects reloaded before import = 0
Number of asset objects unloaded after import = 0
========================================================================
Received Import Request.
  Time since last request: 13.003016 seconds.
  path: Assets/New Terrain.asset
  artifactKey: Guid(00725071f99b98a49babedba79443fa0) Importer(815301076,1909f56bfc062723c751e8b465ee728b)
Start importing Assets/New Terrain.asset using Guid(00725071f99b98a49babedba79443fa0) Importer(815301076,1909f56bfc062723c751e8b465ee728b)  -> (artifact id: '225172a53f3567ed5dae7d9521d16e9e') in 0.008006 seconds
Number of updated asset objects reloaded before import = 0
Number of asset objects unloaded after import = 1
========================================================================
Received Import Request.
  Time since last request: 87.255521 seconds.
  path: Assets/Scenes/SampleScene.scenetemplate
  artifactKey: Guid(8e7494eac40af5144a74671423c37ee4) Importer(815301076,1909f56bfc062723c751e8b465ee728b)
Start importing Assets/Scenes/SampleScene.scenetemplate using Guid(8e7494eac40af5144a74671423c37ee4) Importer(815301076,1909f56bfc062723c751e8b465ee728b)  -> (artifact id: '9ad19fd4dbdf4f8df6c02433ffd00a1d') in 0.022761 seconds
Number of updated asset objects reloaded before import = 0
Number of asset objects unloaded after import = 3
========================================================================
Received Import Request.
  Time since last request: 170.653126 seconds.
  path: Assets
  artifactKey: Guid(00000000000000001000000000000000) Importer(815301076,1909f56bfc062723c751e8b465ee728b)
Start importing Assets using Guid(00000000000000001000000000000000) Importer(815301076,1909f56bfc062723c751e8b465ee728b)  -> (artifact id: '8a4fe85251aa2e89732c359432baa2c3') in 0.000618 seconds
Number of updated asset objects reloaded before import = 0
Number of asset objects unloaded after import = 0
========================================================================
Received Import Request.
  Time since last request: 9.134923 seconds.
  path: Assets/Texture
  artifactKey: Guid(b7411727674891145b72f631c0c01d61) Importer(815301076,1909f56bfc062723c751e8b465ee728b)
Start importing Assets/Texture using Guid(b7411727674891145b72f631c0c01d61) Importer(815301076,1909f56bfc062723c751e8b465ee728b)  -> (artifact id: 'a59a5218afa683372946c0608bf3224c') in 0.000600 seconds
Number of updated asset objects reloaded before import = 0
Number of asset objects unloaded after import = 0
========================================================================
Received Import Request.
  Time since last request: 58.003737 seconds.
  path: Assets/Textures
  artifactKey: Guid(b7411727674891145b72f631c0c01d61) Importer(815301076,1909f56bfc062723c751e8b465ee728b)
Start importing Assets/Textures using Guid(b7411727674891145b72f631c0c01d61) Importer(815301076,1909f56bfc062723c751e8b465ee728b)  -> (artifact id: '9e504da60b97f5e3c8a12b3986c530a3') in 0.000653 seconds
Number of updated asset objects reloaded before import = 0
Number of asset objects unloaded after import = 0
========================================================================
Received Import Request.
  Time since last request: 165.063020 seconds.
  path: Assets/AddOns/MgKarting_Racetrack/Models/RTC/Colliders/RTC_BankLeft_Straight_Barrier_A_Collider.fbx
  artifactKey: Guid(0ff428c08ff9d4a4782d771e3c28ff95) Importer(815301076,1909f56bfc062723c751e8b465ee728b)
Start importing Assets/AddOns/MgKarting_Racetrack/Models/RTC/Colliders/RTC_BankLeft_Straight_Barrier_A_Collider.fbx using Guid(0ff428c08ff9d4a4782d771e3c28ff95) Importer(815301076,1909f56bfc062723c751e8b465ee728b)  -> (artifact id: '05b08deb0d3d7ed5ff65bb770c7ad63f') in 0.059520 seconds
Number of updated asset objects reloaded before import = 0
Number of asset objects unloaded after import = 8
========================================================================
Received Import Request.
  Time since last request: 0.000040 seconds.
  path: Assets/AddOns/MgKarting_Racetrack/Models/RTC/Colliders/RTC_TurnMedium_Barrier_A_Collider.fbx
  artifactKey: Guid(0bbb1b0558f072e41b9f2d180881d9cb) Importer(815301076,1909f56bfc062723c751e8b465ee728b)
Start importing Assets/AddOns/MgKarting_Racetrack/Models/RTC/Colliders/RTC_TurnMedium_Barrier_A_Collider.fbx using Guid(0bbb1b0558f072e41b9f2d180881d9cb) Importer(815301076,1909f56bfc062723c751e8b465ee728b)  -> (artifact id: 'ee3a4415731f464a8a0e6f2e323e318f') in 0.042764 seconds
Number of updated asset objects reloaded before import = 0
Number of asset objects unloaded after import = 8
========================================================================
Received Import Request.
  Time since last request: 0.000059 seconds.
  path: Assets/AddOns/MgKarting_Racetrack/Models/RTC/Colliders/RTC_UTurn_Barrier_A_Collider.fbx
  artifactKey: Guid(77a87dd5b15ef4f4faf1c4d5559bca47) Importer(815301076,1909f56bfc062723c751e8b465ee728b)
Start importing Assets/AddOns/MgKarting_Racetrack/Models/RTC/Colliders/RTC_UTurn_Barrier_A_Collider.fbx using Guid(77a87dd5b15ef4f4faf1c4d5559bca47) Importer(815301076,1909f56bfc062723c751e8b465ee728b)  -> (artifact id: '5b1e148e7a39acfcb589432037d83a24') in 0.039485 seconds
Number of updated asset objects reloaded before import = 0
Number of asset objects unloaded after import = 8
========================================================================
Received Import Request.
  Time since last request: 0.000059 seconds.
  path: Assets/AddOns/MgKarting_Racetrack/Models/RTC/Colliders/RTC_ChicaneS_Left_Barrier_A_Collider.fbx
  artifactKey: Guid(273b81e1a2c48a74998df429ae4eef59) Importer(815301076,1909f56bfc062723c751e8b465ee728b)
Start importing Assets/AddOns/MgKarting_Racetrack/Models/RTC/Colliders/RTC_ChicaneS_Left_Barrier_A_Collider.fbx using Guid(273b81e1a2c48a74998df429ae4eef59) Importer(815301076,1909f56bfc062723c751e8b465ee728b)  -> (artifact id: '8d0a6f816337c37daa3b5918b732135a') in 0.047083 seconds
Number of updated asset objects reloaded before import = 0
Number of asset objects unloaded after import = 8
========================================================================
Received Import Request.
  Time since last request: 0.000060 seconds.
  path: Assets/AddOns/MgKarting_Racetrack/Models/RTC/Colliders/RTC_StraightShort_Barrier_A_Collider.fbx
  artifactKey: Guid(82e4cc9e0c2cee040b141acb206ceaea) Importer(815301076,1909f56bfc062723c751e8b465ee728b)
Start importing Assets/AddOns/MgKarting_Racetrack/Models/RTC/Colliders/RTC_StraightShort_Barrier_A_Collider.fbx using Guid(82e4cc9e0c2cee040b141acb206ceaea) Importer(815301076,1909f56bfc062723c751e8b465ee728b)  -> (artifact id: 'bc97c9a9e6dbccf8d90d8df93044e9d5') in 0.049612 seconds
Number of updated asset objects reloaded before import = 0
Number of asset objects unloaded after import = 8
========================================================================
Received Import Request.
  Time since last request: 0.000045 seconds.
  path: Assets/AddOns/MgKarting_Racetrack/Models/RTC/Colliders/RTC_Ramp_5m_Barrier_A_Collider.fbx
  artifactKey: Guid(eeefb4678c5d88448996df4091f971d5) Importer(815301076,1909f56bfc062723c751e8b465ee728b)
Start importing Assets/AddOns/MgKarting_Racetrack/Models/RTC/Colliders/RTC_Ramp_5m_Barrier_A_Collider.fbx using Guid(eeefb4678c5d88448996df4091f971d5) Importer(815301076,1909f56bfc062723c751e8b465ee728b)  -> (artifact id: 'c0ed49f7df3a7df4228d5b62b045149f') in 0.038599 seconds
Number of updated asset objects reloaded before import = 0
Number of asset objects unloaded after import = 11
========================================================================
Received Import Request.
  Time since last request: 0.000049 seconds.
  path: Assets/AddOns/MgKarting_Racetrack/Models/RTC/Colliders/RTC_Ramp_TurnLeft_5m_Barrier_A_Collider.fbx
  artifactKey: Guid(e217ee2514ecee848a301e6e91b41f3a) Importer(815301076,1909f56bfc062723c751e8b465ee728b)
Start importing Assets/AddOns/MgKarting_Racetrack/Models/RTC/Colliders/RTC_Ramp_TurnLeft_5m_Barrier_A_Collider.fbx using Guid(e217ee2514ecee848a301e6e91b41f3a) Importer(815301076,1909f56bfc062723c751e8b465ee728b)  -> (artifact id: 'e12040f0e3311b7d15d0f86977cb0a52') in 0.037756 seconds
Number of updated asset objects reloaded before import = 0
Number of asset objects unloaded after import = 11
========================================================================
Received Import Request.
  Time since last request: 0.000038 seconds.
  path: Assets/AddOns/MgKarting_Racetrack/Models/RTC/Colliders/RTC_TurnShort_Barrier_A_Collider.fbx
  artifactKey: Guid(b889f41e54e1c1e4fb173fba8643a27a) Importer(815301076,1909f56bfc062723c751e8b465ee728b)
Start importing Assets/AddOns/MgKarting_Racetrack/Models/RTC/Colliders/RTC_TurnShort_Barrier_A_Collider.fbx using Guid(b889f41e54e1c1e4fb173fba8643a27a) Importer(815301076,1909f56bfc062723c751e8b465ee728b)  -> (artifact id: 'd4d9f8ed9a71f26b1c1e3b97af137f80') in 0.041028 seconds
Number of updated asset objects reloaded before import = 0
Number of asset objects unloaded after import = 8
========================================================================
Received Import Request.
  Time since last request: 0.141878 seconds.
  path: Assets/AddOns/MgKarting_Racetrack/Models/RTC/Track/RTC_BankLeft_Straight_Lanelines.fbx
  artifactKey: Guid(e9a7b63990f276f4fadb360f977b6cd0) Importer(815301076,1909f56bfc062723c751e8b465ee728b)
Start importing Assets/AddOns/MgKarting_Racetrack/Models/RTC/Track/RTC_BankLeft_Straight_Lanelines.fbx using Guid(e9a7b63990f276f4fadb360f977b6cd0) Importer(815301076,1909f56bfc062723c751e8b465ee728b)  -> (artifact id: 'f9b2bb279645fc3b112bcfee1cce1135') in 0.040702 seconds
Number of updated asset objects reloaded before import = 0
Number of asset objects unloaded after import = 8
========================================================================
Received Import Request.
  Time since last request: 0.000049 seconds.
  path: Assets/AddOns/MgKarting_Racetrack/Models/RTC/Track/RTC_Straight_Track.fbx
  artifactKey: Guid(097d9152b650c5e46b5a90e32a0a0506) Importer(815301076,1909f56bfc062723c751e8b465ee728b)
Start importing Assets/AddOns/MgKarting_Racetrack/Models/RTC/Track/RTC_Straight_Track.fbx using Guid(097d9152b650c5e46b5a90e32a0a0506) Importer(815301076,1909f56bfc062723c751e8b465ee728b)  -> (artifact id: '26dea4e424b295401ec974ac390d9228') in 0.038952 seconds
Number of updated asset objects reloaded before import = 0
Number of asset objects unloaded after import = 11
========================================================================
Received Import Request.
  Time since last request: 0.000035 seconds.
  path: Assets/AddOns/MgKarting_Racetrack/Models/RTC/Track/RTC_ChicaneS_Right_Track.fbx
  artifactKey: Guid(ce6aa31e175c70143b3667ae5a26973a) Importer(815301076,1909f56bfc062723c751e8b465ee728b)
Start importing Assets/AddOns/MgKarting_Racetrack/Models/RTC/Track/RTC_ChicaneS_Right_Track.fbx using Guid(ce6aa31e175c70143b3667ae5a26973a) Importer(815301076,1909f56bfc062723c751e8b465ee728b)  -> (artifact id: '8b2676ef6b03f45e17c94472093ddbb1') in 0.034099 seconds
Number of updated asset objects reloaded before import = 0
Number of asset objects unloaded after import = 11
========================================================================
Received Import Request.
  Time since last request: 0.000064 seconds.
  path: Assets/AddOns/MgKarting_Racetrack/Models/RTC/Track/RTC_StraightLong_Lanelines.fbx
  artifactKey: Guid(fbeb66e73a0833d4285371e4e94ddfdd) Importer(815301076,1909f56bfc062723c751e8b465ee728b)
Start importing Assets/AddOns/MgKarting_Racetrack/Models/RTC/Track/RTC_StraightLong_Lanelines.fbx using Guid(fbeb66e73a0833d4285371e4e94ddfdd) Importer(815301076,1909f56bfc062723c751e8b465ee728b)  -> (artifact id: 'faa3d94e5c98f1e3c4c37b60614d2a6f') in 0.033298 seconds
Number of updated asset objects reloaded before import = 0
Number of asset objects unloaded after import = 8
========================================================================
Received Import Request.
  Time since last request: 0.000024 seconds.
  path: Assets/AddOns/MgKarting_Racetrack/Models/RTC/Track/RTC_TurnLong_Lanelines.fbx
  artifactKey: Guid(f2b09350f0980df47a4ed11dad0e0e18) Importer(815301076,1909f56bfc062723c751e8b465ee728b)
Start importing Assets/AddOns/MgKarting_Racetrack/Models/RTC/Track/RTC_TurnLong_Lanelines.fbx using Guid(f2b09350f0980df47a4ed11dad0e0e18) Importer(815301076,1909f56bfc062723c751e8b465ee728b)  -> (artifact id: '79f85fdd13c37adcc61eeb88a540f4eb') in 0.032476 seconds
Number of updated asset objects reloaded before import = 0
Number of asset objects unloaded after import = 8
========================================================================
Received Import Request.
  Time since last request: 0.000030 seconds.
  path: Assets/AddOns/MgKarting_Racetrack/Models/RTC/Track/RTC_StraightShort_Track.fbx
  artifactKey: Guid(71cca6f2b5a4cc1479adc5d60e0ad11e) Importer(815301076,1909f56bfc062723c751e8b465ee728b)
Start importing Assets/AddOns/MgKarting_Racetrack/Models/RTC/Track/RTC_StraightShort_Track.fbx using Guid(71cca6f2b5a4cc1479adc5d60e0ad11e) Importer(815301076,1909f56bfc062723c751e8b465ee728b)  -> (artifact id: '79363484bee41b1e627f74fb1e56b700') in 0.033093 seconds
Number of updated asset objects reloaded before import = 0
Number of asset objects unloaded after import = 11
========================================================================
Received Import Request.
  Time since last request: 0.000054 seconds.
  path: Assets/AddOns/MgKarting_Racetrack/Models/RTC/Track/RTC_Ramp_Long_10m_Track.fbx
  artifactKey: Guid(40fb9f4efc6eeac4fb6314f0e549df05) Importer(815301076,1909f56bfc062723c751e8b465ee728b)
Start importing Assets/AddOns/MgKarting_Racetrack/Models/RTC/Track/RTC_Ramp_Long_10m_Track.fbx using Guid(40fb9f4efc6eeac4fb6314f0e549df05) Importer(815301076,1909f56bfc062723c751e8b465ee728b)  -> (artifact id: '6ef787fa5ce5f90444b295875ddd5650') in 0.035131 seconds
Number of updated asset objects reloaded before import = 0
Number of asset objects unloaded after import = 11
========================================================================
Received Import Request.
  Time since last request: 0.000034 seconds.
  path: Assets/AddOns/MgKarting_Racetrack/Models/RTC/Track/RTC_BankRight_TurnShort_Track.fbx
  artifactKey: Guid(20a280a63a24d0a4aa9af8414b1eda8b) Importer(815301076,1909f56bfc062723c751e8b465ee728b)
Start importing Assets/AddOns/MgKarting_Racetrack/Models/RTC/Track/RTC_BankRight_TurnShort_Track.fbx using Guid(20a280a63a24d0a4aa9af8414b1eda8b) Importer(815301076,1909f56bfc062723c751e8b465ee728b)  -> (artifact id: '5d6161dfa9e0e9e6aa6e655df401ce5a') in 0.034100 seconds
Number of updated asset objects reloaded before import = 0
Number of asset objects unloaded after import = 11
========================================================================
Received Import Request.
  Time since last request: 0.000036 seconds.
  path: Assets/AddOns/MgKarting_Racetrack/Models/RTC/Track/RTC_Ramp_TurnLeft_5m_Lanelines.fbx
  artifactKey: Guid(c69d8cecfa5338645862d04346644560) Importer(815301076,1909f56bfc062723c751e8b465ee728b)
Start importing Assets/AddOns/MgKarting_Racetrack/Models/RTC/Track/RTC_Ramp_TurnLeft_5m_Lanelines.fbx using Guid(c69d8cecfa5338645862d04346644560) Importer(815301076,1909f56bfc062723c751e8b465ee728b)  -> (artifact id: '507501420d30055fdf3d204e9f821488') in 0.034258 seconds
Number of updated asset objects reloaded before import = 0
Number of asset objects unloaded after import = 8
========================================================================
Received Import Request.
  Time since last request: 0.000032 seconds.
  path: Assets/AddOns/MgKarting_Racetrack/Models/RTC/Track/RTC_BankRight_TurnShort_Lanelines.fbx
  artifactKey: Guid(18508a604e2e6d14bae3da235fe4ddab) Importer(815301076,1909f56bfc062723c751e8b465ee728b)
Start importing Assets/AddOns/MgKarting_Racetrack/Models/RTC/Track/RTC_BankRight_TurnShort_Lanelines.fbx using Guid(18508a604e2e6d14bae3da235fe4ddab) Importer(815301076,1909f56bfc062723c751e8b465ee728b)  -> (artifact id: '6d70370b7facc54f9553be0fe9c6ca4b') in 0.031874 seconds
Number of updated asset objects reloaded before import = 0
Number of asset objects unloaded after import = 8
========================================================================
Received Import Request.
  Time since last request: 0.000034 seconds.
  path: Assets/AddOns/MgKarting_Racetrack/Models/RTC/Track/RTC_TurnLong_Track.fbx
  artifactKey: Guid(3bd2fd0477c35444db8e6b4d3d9ebdd0) Importer(815301076,1909f56bfc062723c751e8b465ee728b)
Start importing Assets/AddOns/MgKarting_Racetrack/Models/RTC/Track/RTC_TurnLong_Track.fbx using Guid(3bd2fd0477c35444db8e6b4d3d9ebdd0) Importer(815301076,1909f56bfc062723c751e8b465ee728b)  -> (artifact id: '508948825d2a0a0763cf3e97d2e03199') in 0.032390 seconds
Number of updated asset objects reloaded before import = 0
Number of asset objects unloaded after import = 11
========================================================================
Received Import Request.
  Time since last request: 0.000051 seconds.
  path: Assets/AddOns/MgKarting_Racetrack/Models/RTC/Track/RTC_StraightLong_Track.fbx
  artifactKey: Guid(3318e0d7a15963c42a5fc8b391fd955e) Importer(815301076,1909f56bfc062723c751e8b465ee728b)
Start importing Assets/AddOns/MgKarting_Racetrack/Models/RTC/Track/RTC_StraightLong_Track.fbx using Guid(3318e0d7a15963c42a5fc8b391fd955e) Importer(815301076,1909f56bfc062723c751e8b465ee728b)  -> (artifact id: '1fea823975da7ce16a5b4c9473c99fca') in 0.032268 seconds
Number of updated asset objects reloaded before import = 0
Number of asset objects unloaded after import = 11
========================================================================
Received Import Request.
  Time since last request: 0.000039 seconds.
  path: Assets/AddOns/MgKarting_Racetrack/Models/RTC/Track/RTC_Ramp_Long_10m_Lanelines.fbx
  artifactKey: Guid(d44cb7b43d1f94645a59a7ec9b7d4426) Importer(815301076,1909f56bfc062723c751e8b465ee728b)
Start importing Assets/AddOns/MgKarting_Racetrack/Models/RTC/Track/RTC_Ramp_Long_10m_Lanelines.fbx using Guid(d44cb7b43d1f94645a59a7ec9b7d4426) Importer(815301076,1909f56bfc062723c751e8b465ee728b)  -> (artifact id: 'ae210369436165d2ed38708c0705b469') in 0.033301 seconds
Number of updated asset objects reloaded before import = 0
Number of asset objects unloaded after import = 8
========================================================================
Received Import Request.
  Time since last request: 0.000036 seconds.
  path: Assets/AddOns/MgKarting_Racetrack/Models/RTC/Track/RTC_Ramp_TurnLeft_5m_Track.fbx
  artifactKey: Guid(21ee0bc28fbaa804e83d371261571dce) Importer(815301076,1909f56bfc062723c751e8b465ee728b)
Start importing Assets/AddOns/MgKarting_Racetrack/Models/RTC/Track/RTC_Ramp_TurnLeft_5m_Track.fbx using Guid(21ee0bc28fbaa804e83d371261571dce) Importer(815301076,1909f56bfc062723c751e8b465ee728b)  -> (artifact id: '4e7679a60c822ccc25319672529290d9') in 0.033780 seconds
Number of updated asset objects reloaded before import = 0
Number of asset objects unloaded after import = 11
========================================================================
Received Import Request.
  Time since last request: 0.000038 seconds.
  path: Assets/AddOns/MgKarting_Racetrack/Models/RTC/Track/RTC_Ramp_5m_Lanelines.fbx
  artifactKey: Guid(5e4e55b79cbd590478e0cca8ab55dd2d) Importer(815301076,1909f56bfc062723c751e8b465ee728b)
Start importing Assets/AddOns/MgKarting_Racetrack/Models/RTC/Track/RTC_Ramp_5m_Lanelines.fbx using Guid(5e4e55b79cbd590478e0cca8ab55dd2d) Importer(815301076,1909f56bfc062723c751e8b465ee728b)  -> (artifact id: 'cd61a3d1e558c97141d6786b1daf5acc') in 0.032478 seconds
Number of updated asset objects reloaded before import = 0
Number of asset objects unloaded after import = 8
========================================================================
Received Import Request.
  Time since last request: 0.000036 seconds.
  path: Assets/AddOns/MgKarting_Racetrack/Models/RTC/Track/RTC_TurnShort_Track.fbx
  artifactKey: Guid(6ddffa36bd0de35438114ada4f81848f) Importer(815301076,1909f56bfc062723c751e8b465ee728b)
Start importing Assets/AddOns/MgKarting_Racetrack/Models/RTC/Track/RTC_TurnShort_Track.fbx using Guid(6ddffa36bd0de35438114ada4f81848f) Importer(815301076,1909f56bfc062723c751e8b465ee728b)  -> (artifact id: '0630058fb2d74b55013dc3769322c40d') in 0.038907 seconds
Number of updated asset objects reloaded before import = 0
Number of asset objects unloaded after import = 11
========================================================================
Received Import Request.
  Time since last request: 47.604335 seconds.
  path: Assets/AddOns/MgKarting_Racetrack/Models/RTC/Decals/mDecal_BankLeft_Straight.fbx
  artifactKey: Guid(09e5bc1c33cf3a24185065de8b3b4e5d) Importer(815301076,1909f56bfc062723c751e8b465ee728b)
Start importing Assets/AddOns/MgKarting_Racetrack/Models/RTC/Decals/mDecal_BankLeft_Straight.fbx using Guid(09e5bc1c33cf3a24185065de8b3b4e5d) Importer(815301076,1909f56bfc062723c751e8b465ee728b)  -> (artifact id: '8df7bddea770dd64fba702e954176d8d') in 0.039093 seconds
Number of updated asset objects reloaded before import = 0
Number of asset objects unloaded after import = 10
========================================================================
Received Import Request.
  Time since last request: 0.000032 seconds.
  path: Assets/AddOns/MgKarting_Racetrack/Models/RTC/Decals/mDecal_Splat_01.fbx
  artifactKey: Guid(0974da33c2006c947949e311ffa95887) Importer(815301076,1909f56bfc062723c751e8b465ee728b)
Start importing Assets/AddOns/MgKarting_Racetrack/Models/RTC/Decals/mDecal_Splat_01.fbx using Guid(0974da33c2006c947949e311ffa95887) Importer(815301076,1909f56bfc062723c751e8b465ee728b)  -> (artifact id: 'a344b7cd132885b4cd3b923788f18201') in 0.034360 seconds
Number of updated asset objects reloaded before import = 0
Number of asset objects unloaded after import = 10
========================================================================
Received Import Request.
  Time since last request: 0.000147 seconds.
  path: Assets/AddOns/MgKarting_Racetrack/Models/RTC/Decals/mDecal_Ramp_Long_10m.fbx
  artifactKey: Guid(f6485c0f22aed65469161bdcd7b01305) Importer(815301076,1909f56bfc062723c751e8b465ee728b)
Start importing Assets/AddOns/MgKarting_Racetrack/Models/RTC/Decals/mDecal_Ramp_Long_10m.fbx using Guid(f6485c0f22aed65469161bdcd7b01305) Importer(815301076,1909f56bfc062723c751e8b465ee728b)  -> (artifact id: '67f9e0dd4981d3f2db5192bcbd1a4458') in 0.038536 seconds
Number of updated asset objects reloaded before import = 0
Number of asset objects unloaded after import = 10
========================================================================
Received Import Request.
  Time since last request: 0.000030 seconds.
  path: Assets/AddOns/MgKarting_Racetrack/Models/RTC/Decals/mDecal_Strip_02.fbx
  artifactKey: Guid(37415e557ae24f34b8a9e8be625dfded) Importer(815301076,1909f56bfc062723c751e8b465ee728b)
Start importing Assets/AddOns/MgKarting_Racetrack/Models/RTC/Decals/mDecal_Strip_02.fbx using Guid(37415e557ae24f34b8a9e8be625dfded) Importer(815301076,1909f56bfc062723c751e8b465ee728b)  -> (artifact id: '9c086b2f1d53cef9a714f4c58d9c7719') in 0.031127 seconds
Number of updated asset objects reloaded before import = 0
Number of asset objects unloaded after import = 10
========================================================================
Received Import Request.
  Time since last request: 0.000022 seconds.
  path: Assets/AddOns/MgKarting_Racetrack/Models/RTC/Decals/mDecal_BankRight_Straight.fbx
  artifactKey: Guid(8d70f7190ebf1ae45a09bf76c6057d87) Importer(815301076,1909f56bfc062723c751e8b465ee728b)
Start importing Assets/AddOns/MgKarting_Racetrack/Models/RTC/Decals/mDecal_BankRight_Straight.fbx using Guid(8d70f7190ebf1ae45a09bf76c6057d87) Importer(815301076,1909f56bfc062723c751e8b465ee728b)  -> (artifact id: '2c739dbbc54474f9d1d7aafed9ad1ba9') in 0.032955 seconds
Number of updated asset objects reloaded before import = 0
Number of asset objects unloaded after import = 10
========================================================================
Received Import Request.
  Time since last request: 2.621051 seconds.
  path: Assets/AddOns/MgKarting_Racetrack/Prefabs/RTC_Lanelines
  artifactKey: Guid(3cd0925e7de31fb418dce2b8ac504b0f) Importer(815301076,1909f56bfc062723c751e8b465ee728b)
Start importing Assets/AddOns/MgKarting_Racetrack/Prefabs/RTC_Lanelines using Guid(3cd0925e7de31fb418dce2b8ac504b0f) Importer(815301076,1909f56bfc062723c751e8b465ee728b)  -> (artifact id: '22722cea6b4d364ded13ea78ad7fc39a') in 0.000680 seconds
Number of updated asset objects reloaded before import = 0
Number of asset objects unloaded after import = 0
========================================================================
Received Import Request.
  Time since last request: 0.060594 seconds.
  path: Assets/AddOns/MgKarting_Racetrack/Prefabs/RTC_Lanelines/RTC_BankLeft_Straight_Lanelines.prefab
  artifactKey: Guid(1b76a6a36894da542b05b92cedeb329e) Importer(815301076,1909f56bfc062723c751e8b465ee728b)
Start importing Assets/AddOns/MgKarting_Racetrack/Prefabs/RTC_Lanelines/RTC_BankLeft_Straight_Lanelines.prefab using Guid(1b76a6a36894da542b05b92cedeb329e) Importer(815301076,1909f56bfc062723c751e8b465ee728b)  -> (artifact id: '3d3a1ecc0d234b5fb139363b89a445ee') in 0.027384 seconds
Number of updated asset objects reloaded before import = 0
Number of asset objects unloaded after import = 16
========================================================================
Received Import Request.
  Time since last request: 0.000032 seconds.
  path: Assets/AddOns/MgKarting_Racetrack/Prefabs/RTC_Lanelines/RTC_Ramp_TurnLeft_5m_Lanelines.prefab
  artifactKey: Guid(bbe61940c01964a4cbb43b90ce0365e1) Importer(815301076,1909f56bfc062723c751e8b465ee728b)
Start importing Assets/AddOns/MgKarting_Racetrack/Prefabs/RTC_Lanelines/RTC_Ramp_TurnLeft_5m_Lanelines.prefab using Guid(bbe61940c01964a4cbb43b90ce0365e1) Importer(815301076,1909f56bfc062723c751e8b465ee728b)  -> (artifact id: '8cba0e44c25269e328bd7cb63a818a3a') in 0.033597 seconds
Number of updated asset objects reloaded before import = 0
Number of asset objects unloaded after import = 15
========================================================================
Received Import Request.
  Time since last request: 0.000035 seconds.
  path: Assets/AddOns/MgKarting_Racetrack/Prefabs/RTC_Lanelines/RTC_BankRight_Straight_Lanelines.prefab
  artifactKey: Guid(3731372af0466f74499335bba51497d2) Importer(815301076,1909f56bfc062723c751e8b465ee728b)
Start importing Assets/AddOns/MgKarting_Racetrack/Prefabs/RTC_Lanelines/RTC_BankRight_Straight_Lanelines.prefab using Guid(3731372af0466f74499335bba51497d2) Importer(815301076,1909f56bfc062723c751e8b465ee728b)  -> (artifact id: 'fc64c2a5c227b78635df16e4ad99f57b') in 0.028723 seconds
Number of updated asset objects reloaded before import = 0
Number of asset objects unloaded after import = 15
========================================================================
Received Import Request.
  Time since last request: 0.000048 seconds.
  path: Assets/AddOns/MgKarting_Racetrack/Prefabs/RTC_Lanelines/RTC_TurnU_Lanelines.prefab
  artifactKey: Guid(190320f67b0314d479edab375bae0a4c) Importer(815301076,1909f56bfc062723c751e8b465ee728b)
Start importing Assets/AddOns/MgKarting_Racetrack/Prefabs/RTC_Lanelines/RTC_TurnU_Lanelines.prefab using Guid(190320f67b0314d479edab375bae0a4c) Importer(815301076,1909f56bfc062723c751e8b465ee728b)  -> (artifact id: '38effa08b116db819575a941b4db6932') in 0.026946 seconds
Number of updated asset objects reloaded before import = 0
Number of asset objects unloaded after import = 15
========================================================================
Received Import Request.
  Time since last request: 0.000042 seconds.
  path: Assets/AddOns/MgKarting_Racetrack/Prefabs/RTC_Lanelines/RTC_ChicaneS_Right_Lanelines.prefab
  artifactKey: Guid(9d9682fb411024f44b368f91162cbeee) Importer(815301076,1909f56bfc062723c751e8b465ee728b)
Start importing Assets/AddOns/MgKarting_Racetrack/Prefabs/RTC_Lanelines/RTC_ChicaneS_Right_Lanelines.prefab using Guid(9d9682fb411024f44b368f91162cbeee) Importer(815301076,1909f56bfc062723c751e8b465ee728b)  -> (artifact id: '0e338989476d0a99bde2a6edf96819b6') in 0.029163 seconds
Number of updated asset objects reloaded before import = 0
Number of asset objects unloaded after import = 15
========================================================================
Received Import Request.
  Time since last request: 0.000032 seconds.
  path: Assets/AddOns/MgKarting_Racetrack/Prefabs/RTC_Lanelines/RTC_TurnMedium_Lanelines.prefab
  artifactKey: Guid(e36b9122fa9693a48ae9e0f1da1e1941) Importer(815301076,1909f56bfc062723c751e8b465ee728b)
Start importing Assets/AddOns/MgKarting_Racetrack/Prefabs/RTC_Lanelines/RTC_TurnMedium_Lanelines.prefab using Guid(e36b9122fa9693a48ae9e0f1da1e1941) Importer(815301076,1909f56bfc062723c751e8b465ee728b)  -> (artifact id: 'f33ee9634aa9bfe55277a5071de3c3d0') in 0.031412 seconds
Number of updated asset objects reloaded before import = 0
Number of asset objects unloaded after import = 15
========================================================================
Received Import Request.
  Time since last request: 0.000143 seconds.
  path: Assets/AddOns/MgKarting_Racetrack/Prefabs/RTC_Lanelines/RTC_Straight_Lanelines.prefab
  artifactKey: Guid(3729ef610afbdc94aa4a36a8f98d3912) Importer(815301076,1909f56bfc062723c751e8b465ee728b)
Start importing Assets/AddOns/MgKarting_Racetrack/Prefabs/RTC_Lanelines/RTC_Straight_Lanelines.prefab using Guid(3729ef610afbdc94aa4a36a8f98d3912) Importer(815301076,1909f56bfc062723c751e8b465ee728b)  -> (artifact id: 'c26ce04ea66b9ff1f29eb50f5bce88f8') in 0.030356 seconds
Number of updated asset objects reloaded before import = 0
Number of asset objects unloaded after import = 15
========================================================================
Received Import Request.
  Time since last request: 0.000025 seconds.
  path: Assets/AddOns/MgKarting_Racetrack/Prefabs/RTC_Lanelines/RTC_StraightShort_Lanelines.prefab
  artifactKey: Guid(6dce8df0864294342b0b0142a8ef0f84) Importer(815301076,1909f56bfc062723c751e8b465ee728b)
Start importing Assets/AddOns/MgKarting_Racetrack/Prefabs/RTC_Lanelines/RTC_StraightShort_Lanelines.prefab using Guid(6dce8df0864294342b0b0142a8ef0f84) Importer(815301076,1909f56bfc062723c751e8b465ee728b)  -> (artifact id: 'ca67df6fba79eaf791f08ad8f43058db') in 0.030714 seconds
Number of updated asset objects reloaded before import = 0
Number of asset objects unloaded after import = 15
========================================================================
Received Import Request.
  Time since last request: 203.837060 seconds.
  path: Assets/AddOns/MgKarting_Racetrack/Textures/BarrierA/RTC_BarrierA_Albedo.png
  artifactKey: Guid(5757e5b556d9a794d8093e6301ab74fd) Importer(815301076,1909f56bfc062723c751e8b465ee728b)
Start importing Assets/AddOns/MgKarting_Racetrack/Textures/BarrierA/RTC_BarrierA_Albedo.png using Guid(5757e5b556d9a794d8093e6301ab74fd) Importer(815301076,1909f56bfc062723c751e8b465ee728b)  -> (artifact id: 'cfe9eb9bbe4fe513ff769209f5060e53') in 0.053325 seconds
Number of updated asset objects reloaded before import = 0
Number of asset objects unloaded after import = 2
========================================================================
Received Import Request.
  Time since last request: 0.000581 seconds.
  path: Assets/AddOns/MgKarting_Racetrack/Textures/BarrierA/RTC_BarrierA_Normal.png
  artifactKey: Guid(a4a0461f09be04547bab3170abec7925) Importer(815301076,1909f56bfc062723c751e8b465ee728b)
Start importing Assets/AddOns/MgKarting_Racetrack/Textures/BarrierA/RTC_BarrierA_Normal.png using Guid(a4a0461f09be04547bab3170abec7925) Importer(815301076,1909f56bfc062723c751e8b465ee728b)  -> (artifact id: '3d96ad82ec4a0ece059139e16b99197e') in 0.059038 seconds
Number of updated asset objects reloaded before import = 0
Number of asset objects unloaded after import = 2
========================================================================
Received Import Request.
  Time since last request: 121.745719 seconds.
  path: Assets/AddOns/MgKarting_Racetrack/Textures/RTC_Track_Albedo.png
  artifactKey: Guid(ef40b6fa28811f54c80bc93d1d75eb43) Importer(815301076,1909f56bfc062723c751e8b465ee728b)
Start importing Assets/AddOns/MgKarting_Racetrack/Textures/RTC_Track_Albedo.png using Guid(ef40b6fa28811f54c80bc93d1d75eb43) Importer(815301076,1909f56bfc062723c751e8b465ee728b)  -> (artifact id: '01c710c0ea1766ee627b9df428117f6b') in 0.061831 seconds
Number of updated asset objects reloaded before import = 0
Number of asset objects unloaded after import = 2
========================================================================
Received Import Request.
  Time since last request: 0.000037 seconds.
  path: Assets/AddOns/MgKarting_Racetrack/Textures/RTC_Track_Normal.png
  artifactKey: Guid(fc1a5f90753f8a84caaff91dcd469b65) Importer(815301076,1909f56bfc062723c751e8b465ee728b)
Start importing Assets/AddOns/MgKarting_Racetrack/Textures/RTC_Track_Normal.png using Guid(fc1a5f90753f8a84caaff91dcd469b65) Importer(815301076,1909f56bfc062723c751e8b465ee728b)  -> (artifact id: 'bc10046dc9645c79c273df1e7ea941ec') in 0.032126 seconds
Number of updated asset objects reloaded before import = 0
Number of asset objects unloaded after import = 2
========================================================================
Received Import Request.
  Time since last request: 4.130960 seconds.
  path: Assets/AddOns/MgKarting_Racetrack/Textures/BarrierA
  artifactKey: Guid(5f490b9e10af42149b9b42addab4f82c) Importer(815301076,1909f56bfc062723c751e8b465ee728b)
Start importing Assets/AddOns/MgKarting_Racetrack/Textures/BarrierA using Guid(5f490b9e10af42149b9b42addab4f82c) Importer(815301076,1909f56bfc062723c751e8b465ee728b)  -> (artifact id: 'acd7e858fbe71e7e25351848edb635d8') in 0.001030 seconds
Number of updated asset objects reloaded before import = 0
Number of asset objects unloaded after import = 0
========================================================================
Received Import Request.
  Time since last request: 4.670323 seconds.
  path: Assets/Textures/RTC_Track_Albedo.png
  artifactKey: Guid(5aa62df66b985634ea1f0203bf5c588f) Importer(815301076,1909f56bfc062723c751e8b465ee728b)
Start importing Assets/Textures/RTC_Track_Albedo.png using Guid(5aa62df66b985634ea1f0203bf5c588f) Importer(815301076,1909f56bfc062723c751e8b465ee728b)  -> (artifact id: 'a6dbbe6220ef5dbd06c6c7b5d76171f6') in 0.033805 seconds
Number of updated asset objects reloaded before import = 0
Number of asset objects unloaded after import = 2
========================================================================
Received Import Request.
  Time since last request: 52.726608 seconds.
  path: Assets/AddOns/MgKarting_Racetrack/Scenes/RTC_TestTrack_A.unity
  artifactKey: Guid(8dd08b6c6a397414fa9d138bf8e248ba) Importer(815301076,1909f56bfc062723c751e8b465ee728b)
Start importing Assets/AddOns/MgKarting_Racetrack/Scenes/RTC_TestTrack_A.unity using Guid(8dd08b6c6a397414fa9d138bf8e248ba) Importer(815301076,1909f56bfc062723c751e8b465ee728b)  -> (artifact id: '90591ea8d6409e6ae6dd14e0ece6b360') in 0.000657 seconds
Number of updated asset objects reloaded before import = 0
Number of asset objects unloaded after import = 0
========================================================================
Received Import Request.
  Time since last request: 7.758085 seconds.
  path: Assets/AddOns/MgKarting_Racetrack/Scenes/RTC_TestTrack_A_Variants.unity
  artifactKey: Guid(834e8044a93a0b24a9840f85862570ef) Importer(815301076,1909f56bfc062723c751e8b465ee728b)
Start importing Assets/AddOns/MgKarting_Racetrack/Scenes/RTC_TestTrack_A_Variants.unity using Guid(834e8044a93a0b24a9840f85862570ef) Importer(815301076,1909f56bfc062723c751e8b465ee728b)  -> (artifact id: 'bcdfdb96bbafe9f7f2db58c6cb0dbd73') in 0.000775 seconds
Number of updated asset objects reloaded before import = 0
Number of asset objects unloaded after import = 0
========================================================================
Received Import Request.
  Time since last request: 7.521119 seconds.
  path: Assets/AddOns/MgKarting_Racetrack/Scenes/RTC_TestTrack_B.unity
  artifactKey: Guid(dd7b18733d3814640a3f7387788a2e83) Importer(815301076,1909f56bfc062723c751e8b465ee728b)
Start importing Assets/AddOns/MgKarting_Racetrack/Scenes/RTC_TestTrack_B.unity using Guid(dd7b18733d3814640a3f7387788a2e83) Importer(815301076,1909f56bfc062723c751e8b465ee728b)  -> (artifact id: '6be2b215ba06d04fbac897a75fcbc308') in 0.000953 seconds
Number of updated asset objects reloaded before import = 0
Number of asset objects unloaded after import = 0
========================================================================
Received Import Request.
  Time since last request: 6.017567 seconds.
  path: Assets/AddOns/MgKarting_Racetrack/Scenes/RTC_TrackParts.unity
  artifactKey: Guid(85f779a8c3fb5f048a7e59f8205d660c) Importer(815301076,1909f56bfc062723c751e8b465ee728b)
Start importing Assets/AddOns/MgKarting_Racetrack/Scenes/RTC_TrackParts.unity using Guid(85f779a8c3fb5f048a7e59f8205d660c) Importer(815301076,1909f56bfc062723c751e8b465ee728b)  -> (artifact id: '407eb7bb2ebd2c31aa715e8e9d270b01') in 0.000554 seconds
Number of updated asset objects reloaded before import = 0
Number of asset objects unloaded after import = 0
========================================================================
Received Import Request.
  Time since last request: 3.616408 seconds.
  path: Assets/AddOns/MgKarting_Racetrack/Scenes/RTC_TestTrack_C.unity
  artifactKey: Guid(f4beb6c0e18aa334bae976ede5003a4c) Importer(815301076,1909f56bfc062723c751e8b465ee728b)
Start importing Assets/AddOns/MgKarting_Racetrack/Scenes/RTC_TestTrack_C.unity using Guid(f4beb6c0e18aa334bae976ede5003a4c) Importer(815301076,1909f56bfc062723c751e8b465ee728b)  -> (artifact id: '96e6fbd0f8f5d9bb92afdfe7cca5d4fc') in 0.000556 seconds
Number of updated asset objects reloaded before import = 0
Number of asset objects unloaded after import = 0
========================================================================
Received Import Request.
  Time since last request: 429.744118 seconds.
  path: Assets/RaceArea01.unity
  artifactKey: Guid(6aba412aeeb00ca4984a9c9b06c201d5) Importer(815301076,1909f56bfc062723c751e8b465ee728b)
Start importing Assets/RaceArea01.unity using Guid(6aba412aeeb00ca4984a9c9b06c201d5) Importer(815301076,1909f56bfc062723c751e8b465ee728b)  -> (artifact id: 'ae4c3b8a530958094c75d9670b61f269') in 0.000626 seconds
Number of updated asset objects reloaded before import = 0
Number of asset objects unloaded after import = 0
========================================================================
Received Import Request.
  Time since last request: 896.841030 seconds.
  path: Assets/Textures/BarrierA/RTC_BarrierA_Albedo.png
  artifactKey: Guid(4f654802f461ee942a809f43f5a52c92) Importer(815301076,1909f56bfc062723c751e8b465ee728b)
Start importing Assets/Textures/BarrierA/RTC_BarrierA_Albedo.png using Guid(4f654802f461ee942a809f43f5a52c92) Importer(815301076,1909f56bfc062723c751e8b465ee728b)  -> (artifact id: 'b5613ac2fcb4d7108b88c7253f74acef') in 0.117590 seconds
Number of updated asset objects reloaded before import = 0
Number of asset objects unloaded after import = 2
========================================================================
Received Import Request.
  Time since last request: 51.558383 seconds.
  path: Assets/Textures/BarrierA
  artifactKey: Guid(36cafc014c42c1945bda64aae88d8769) Importer(815301076,1909f56bfc062723c751e8b465ee728b)
Start importing Assets/Textures/BarrierA using Guid(36cafc014c42c1945bda64aae88d8769) Importer(815301076,1909f56bfc062723c751e8b465ee728b)  -> (artifact id: '0532489c0a054e27f07a727be64826d5') in 0.000899 seconds
Number of updated asset objects reloaded before import = 0
Number of asset objects unloaded after import = 0
========================================================================
Received Import Request.
  Time since last request: 214.842866 seconds.
  path: Assets/Textures/RTC_Track_Albedo 1.png
  artifactKey: Guid(bdaeab413a55b3a4a88978fc25a5a614) Importer(815301076,1909f56bfc062723c751e8b465ee728b)
Start importing Assets/Textures/RTC_Track_Albedo 1.png using Guid(bdaeab413a55b3a4a88978fc25a5a614) Importer(815301076,1909f56bfc062723c751e8b465ee728b)  -> (artifact id: 'dcc6d203c9c690faa9cb43e2a3fdc2b3') in 0.038355 seconds
Number of updated asset objects reloaded before import = 0
Number of asset objects unloaded after import = 2
========================================================================
Received Import Request.
  Time since last request: 2.727831 seconds.
  path: Assets/AddOns/MgKarting_Racetrack/Textures/BarrierA/NewLayer.terrainlayer
  artifactKey: Guid(fbb20d4627725a940baba8e633a2704a) Importer(815301076,1909f56bfc062723c751e8b465ee728b)
Start importing Assets/AddOns/MgKarting_Racetrack/Textures/BarrierA/NewLayer.terrainlayer using Guid(fbb20d4627725a940baba8e633a2704a) Importer(815301076,1909f56bfc062723c751e8b465ee728b)  -> (artifact id: '9ac4b884509aa84b7acb3424fbfb6676') in 0.088727 seconds
Number of updated asset objects reloaded before import = 0
Number of asset objects unloaded after import = 2
========================================================================
Received Import Request.
  Time since last request: 2.314976 seconds.
  path: Assets/New Terrain.asset
  artifactKey: Guid(00725071f99b98a49babedba79443fa0) Importer(815301076,1909f56bfc062723c751e8b465ee728b)
Start importing Assets/New Terrain.asset using Guid(00725071f99b98a49babedba79443fa0) Importer(815301076,1909f56bfc062723c751e8b465ee728b)  -> (artifact id: 'd81d5f27b6c22f44b897d4d3b79d7564') in 0.037806 seconds
Number of updated asset objects reloaded before import = 0
Number of asset objects unloaded after import = 3
========================================================================
Received Import Request.
  Time since last request: 1.547972 seconds.
  path: Assets/Textures/BarrierA 1/NewLayer.terrainlayer
  artifactKey: Guid(420ed77d2192e3641954229a135c4097) Importer(815301076,1909f56bfc062723c751e8b465ee728b)
Start importing Assets/Textures/BarrierA 1/NewLayer.terrainlayer using Guid(420ed77d2192e3641954229a135c4097) Importer(815301076,1909f56bfc062723c751e8b465ee728b)  -> (artifact id: 'e5ba8c15b729aa45d70ea6fa559d30b3') in 0.022680 seconds
Number of updated asset objects reloaded before import = 0
Number of asset objects unloaded after import = 2
========================================================================
Received Import Request.
  Time since last request: 0.000036 seconds.
  path: Assets/Textures/BarrierA 1/RTC_BarrierA_Mask.png
  artifactKey: Guid(e8070ef437e664342a55fb7bc05a5966) Importer(815301076,1909f56bfc062723c751e8b465ee728b)
Start importing Assets/Textures/BarrierA 1/RTC_BarrierA_Mask.png using Guid(e8070ef437e664342a55fb7bc05a5966) Importer(815301076,1909f56bfc062723c751e8b465ee728b)  -> (artifact id: '4d2ab2a798e8ea469b02b2d12841dcf0') in 0.021875 seconds
Number of updated asset objects reloaded before import = 0
Number of asset objects unloaded after import = 2
========================================================================
Received Import Request.
  Time since last request: 0.000029 seconds.
  path: Assets/Textures/BarrierA 1/RTC_BarrierA_Normal.png
  artifactKey: Guid(4a55ca7bf8ad6264597e14ae39285287) Importer(815301076,1909f56bfc062723c751e8b465ee728b)
Start importing Assets/Textures/BarrierA 1/RTC_BarrierA_Normal.png using Guid(4a55ca7bf8ad6264597e14ae39285287) Importer(815301076,1909f56bfc062723c751e8b465ee728b)  -> (artifact id: 'c6512637b01cf3f20344eec459bd83fa') in 0.023642 seconds
Number of updated asset objects reloaded before import = 0
Number of asset objects unloaded after import = 2
========================================================================
Received Import Request.
  Time since last request: 2.910890 seconds.
  path: Assets/Textures/BarrierA 1
  artifactKey: Guid(5963760d13913854ab996376080f7563) Importer(815301076,1909f56bfc062723c751e8b465ee728b)
Start importing Assets/Textures/BarrierA 1 using Guid(5963760d13913854ab996376080f7563) Importer(815301076,1909f56bfc062723c751e8b465ee728b)  -> (artifact id: '659bea06b07cd32200d5d613a483dd13') in 0.000643 seconds
Number of updated asset objects reloaded before import = 0
Number of asset objects unloaded after import = 0
========================================================================
Received Import Request.
  Time since last request: 468.540023 seconds.
  path: Assets/Textures/RTC_Track_Albedo 1.png
  artifactKey: Guid(b013721896d312f48bcd7e9fb6d15ff1) Importer(815301076,1909f56bfc062723c751e8b465ee728b)
Start importing Assets/Textures/RTC_Track_Albedo 1.png using Guid(b013721896d312f48bcd7e9fb6d15ff1) Importer(815301076,1909f56bfc062723c751e8b465ee728b)  -> (artifact id: 'd4341438860a1c7c283bced3ffe62ba0') in 0.041401 seconds
Number of updated asset objects reloaded before import = 0
Number of asset objects unloaded after import = 2
========================================================================
Received Import Request.
  Time since last request: 0.000037 seconds.
  path: Assets/Textures/RTC_Track_Normal 1.png
  artifactKey: Guid(fe8f002978b7490468b1b4e9d329c1ec) Importer(815301076,1909f56bfc062723c751e8b465ee728b)
Start importing Assets/Textures/RTC_Track_Normal 1.png using Guid(fe8f002978b7490468b1b4e9d329c1ec) Importer(815301076,1909f56bfc062723c751e8b465ee728b)  -> (artifact id: '39db9fe7047b7b58d7b19c25f7558afe') in 0.034046 seconds
Number of updated asset objects reloaded before import = 0
Number of asset objects unloaded after import = 2
========================================================================
Received Import Request.
  Time since last request: 33.015071 seconds.
  path: Assets/Textures/RTC_Track_Albedo 1.png
  artifactKey: Guid(447171fb981a0834f8ac122e2004bac3) Importer(815301076,1909f56bfc062723c751e8b465ee728b)
Start importing Assets/Textures/RTC_Track_Albedo 1.png using Guid(447171fb981a0834f8ac122e2004bac3) Importer(815301076,1909f56bfc062723c751e8b465ee728b)  -> (artifact id: '303af02808d3dfe326fe7b63ef89ce9d') in 0.027712 seconds
Number of updated asset objects reloaded before import = 0
Number of asset objects unloaded after import = 2
========================================================================
Received Import Request.
  Time since last request: 0.000021 seconds.
  path: Assets/Textures/RTC_Track_Normal 1.png
  artifactKey: Guid(5a69f409264b18d44a8d0fdd01b20f40) Importer(815301076,1909f56bfc062723c751e8b465ee728b)
Start importing Assets/Textures/RTC_Track_Normal 1.png using Guid(5a69f409264b18d44a8d0fdd01b20f40) Importer(815301076,1909f56bfc062723c751e8b465ee728b)  -> (artifact id: '27da9d63c6e27666434475b99be6b2b3') in 0.030770 seconds
Number of updated asset objects reloaded before import = 0
Number of asset objects unloaded after import = 2
========================================================================
Received Import Request.
  Time since last request: 2.114746 seconds.
  path: Assets/Textures/BarrierA 1
  artifactKey: Guid(f76ef9624d386384f9fb3e912a0774c4) Importer(815301076,1909f56bfc062723c751e8b465ee728b)
Start importing Assets/Textures/BarrierA 1 using Guid(f76ef9624d386384f9fb3e912a0774c4) Importer(815301076,1909f56bfc062723c751e8b465ee728b)  -> (artifact id: '102eeb6f14f92d1b62b7a6fca6299aba') in 0.000716 seconds
Number of updated asset objects reloaded before import = 0
Number of asset objects unloaded after import = 0
========================================================================
Received Import Request.
  Time since last request: 25.290930 seconds.
  path: Assets/Textures/asphalt01.png
  artifactKey: Guid(77e02ec6bb830a943aaaf25d53249d9c) Importer(815301076,1909f56bfc062723c751e8b465ee728b)
Start importing Assets/Textures/asphalt01.png using Guid(77e02ec6bb830a943aaaf25d53249d9c) Importer(815301076,1909f56bfc062723c751e8b465ee728b)  -> (artifact id: '214d9a8afd3a97ba0d56aa22ce5203c3') in 0.031566 seconds
Number of updated asset objects reloaded before import = 0
Number of asset objects unloaded after import = 2
========================================================================
Received Import Request.
  Time since last request: 0.000042 seconds.
  path: Assets/Textures/grass_03.png
  artifactKey: Guid(e2e5a2fd8095b4b419b6e2cd817706cc) Importer(815301076,1909f56bfc062723c751e8b465ee728b)
Start importing Assets/Textures/grass_03.png using Guid(e2e5a2fd8095b4b419b6e2cd817706cc) Importer(815301076,1909f56bfc062723c751e8b465ee728b)  -> (artifact id: 'a65110c4adfc62ec464f1f6f9cc8582c') in 0.034789 seconds
Number of updated asset objects reloaded before import = 0
Number of asset objects unloaded after import = 2
========================================================================
Received Import Request.
  Time since last request: 0.000056 seconds.
  path: Assets/Textures/wet_dirt_01.png
  artifactKey: Guid(dc3df0a15ff02c641942018e7f564fc5) Importer(815301076,1909f56bfc062723c751e8b465ee728b)
Start importing Assets/Textures/wet_dirt_01.png using Guid(dc3df0a15ff02c641942018e7f564fc5) Importer(815301076,1909f56bfc062723c751e8b465ee728b)  -> (artifact id: '543b7adb9063aff2861d26acbbf610ef') in 0.037046 seconds
Number of updated asset objects reloaded before import = 0
Number of asset objects unloaded after import = 2
========================================================================
Received Import Request.
  Time since last request: 0.000023 seconds.
  path: Assets/Textures/Stucco01.png
  artifactKey: Guid(041a2c112967f3e4e970da380d6f5e51) Importer(815301076,1909f56bfc062723c751e8b465ee728b)
Start importing Assets/Textures/Stucco01.png using Guid(041a2c112967f3e4e970da380d6f5e51) Importer(815301076,1909f56bfc062723c751e8b465ee728b)  -> (artifact id: '3144ab847d825c9e2a4f82089d113f03') in 0.033667 seconds
Number of updated asset objects reloaded before import = 0
Number of asset objects unloaded after import = 2
========================================================================
Received Import Request.
  Time since last request: 0.000027 seconds.
  path: Assets/Textures/grass_02.png
  artifactKey: Guid(343ae44bb4c396b44813de7183c4233c) Importer(815301076,1909f56bfc062723c751e8b465ee728b)
Start importing Assets/Textures/grass_02.png using Guid(343ae44bb4c396b44813de7183c4233c) Importer(815301076,1909f56bfc062723c751e8b465ee728b)  -> (artifact id: 'ec220e0581130327be39eebe5eb2e5bd') in 0.036498 seconds
Number of updated asset objects reloaded before import = 0
Number of asset objects unloaded after import = 2
========================================================================
Received Import Request.
  Time since last request: 166.904911 seconds.
  path: Assets/Textures/BarrierA/NewLayer.terrainlayer
  artifactKey: Guid(419a7c7a5bfe15544a35eeb1d9740a39) Importer(815301076,1909f56bfc062723c751e8b465ee728b)
Start importing Assets/Textures/BarrierA/NewLayer.terrainlayer using Guid(419a7c7a5bfe15544a35eeb1d9740a39) Importer(815301076,1909f56bfc062723c751e8b465ee728b)  -> (artifact id: '92b555f9e9eb4f65b353de8610a4c281') in 0.035880 seconds
Number of updated asset objects reloaded before import = 0
Number of asset objects unloaded after import = 2
========================================================================
Received Import Request.
  Time since last request: 2244.409199 seconds.
  path: Assets/AddOns/MgKarting_Racetrack/Prefabs/RTC_TrackParts/RTC_BankLeft_Straight.prefab
  artifactKey: Guid(08efc7566321f804387510af55491df1) Importer(815301076,1909f56bfc062723c751e8b465ee728b)
Start importing Assets/AddOns/MgKarting_Racetrack/Prefabs/RTC_TrackParts/RTC_BankLeft_Straight.prefab using Guid(08efc7566321f804387510af55491df1) Importer(815301076,1909f56bfc062723c751e8b465ee728b)  -> (artifact id: 'fc32d72e221b8284b42875512b34bed2') in 0.080241 seconds
Number of updated asset objects reloaded before import = 0
Number of asset objects unloaded after import = 58
========================================================================
Received Import Request.
  Time since last request: 0.000063 seconds.
  path: Assets/AddOns/MgKarting_Racetrack/Prefabs/RTC_TrackParts/RTC_Ramp_TurnLeft_5m.prefab
  artifactKey: Guid(3f7d454af8557da4aa77bdb544e5809c) Importer(815301076,1909f56bfc062723c751e8b465ee728b)
Start importing Assets/AddOns/MgKarting_Racetrack/Prefabs/RTC_TrackParts/RTC_Ramp_TurnLeft_5m.prefab using Guid(3f7d454af8557da4aa77bdb544e5809c) Importer(815301076,1909f56bfc062723c751e8b465ee728b)  -> (artifact id: 'e53baf679f4fcec932541302743cb265') in 0.050282 seconds
Number of updated asset objects reloaded before import = 0
Number of asset objects unloaded after import = 57
========================================================================
Received Import Request.
  Time since last request: 0.000049 seconds.
  path: Assets/AddOns/MgKarting_Racetrack/Prefabs/RTC_TrackParts/RTC_ChicaneS_Left.prefab
  artifactKey: Guid(330008d4a68e40042bca5926d151918a) Importer(815301076,1909f56bfc062723c751e8b465ee728b)
Start importing Assets/AddOns/MgKarting_Racetrack/Prefabs/RTC_TrackParts/RTC_ChicaneS_Left.prefab using Guid(330008d4a68e40042bca5926d151918a) Importer(815301076,1909f56bfc062723c751e8b465ee728b)  -> (artifact id: '3bc1b1c1e4f511691a0c460d63487b00') in 0.045713 seconds
Number of updated asset objects reloaded before import = 0
Number of asset objects unloaded after import = 57
========================================================================
Received Import Request.
  Time since last request: 0.000034 seconds.
  path: Assets/AddOns/MgKarting_Racetrack/Prefabs/RTC_TrackParts/RTC_TurnShort.prefab
  artifactKey: Guid(3d50c40306d539144a82cf42e6271cc9) Importer(815301076,1909f56bfc062723c751e8b465ee728b)
Start importing Assets/AddOns/MgKarting_Racetrack/Prefabs/RTC_TrackParts/RTC_TurnShort.prefab using Guid(3d50c40306d539144a82cf42e6271cc9) Importer(815301076,1909f56bfc062723c751e8b465ee728b)  -> (artifact id: '3e9931503b3966a1bd8d09a1940c28b4') in 0.039672 seconds
Number of updated asset objects reloaded before import = 0
Number of asset objects unloaded after import = 57
========================================================================
Received Import Request.
  Time since last request: 0.000067 seconds.
  path: Assets/AddOns/MgKarting_Racetrack/Prefabs/RTC_TrackParts/RTC_Ramp_Long_10m.prefab
  artifactKey: Guid(4091439fc102a0a44abef8fcf33734a9) Importer(815301076,1909f56bfc062723c751e8b465ee728b)
Start importing Assets/AddOns/MgKarting_Racetrack/Prefabs/RTC_TrackParts/RTC_Ramp_Long_10m.prefab using Guid(4091439fc102a0a44abef8fcf33734a9) Importer(815301076,1909f56bfc062723c751e8b465ee728b)  -> (artifact id: 'dd5453cc3d74740c78d11810773c0497') in 0.037969 seconds
Number of updated asset objects reloaded before import = 0
Number of asset objects unloaded after import = 57
========================================================================
Received Import Request.
  Time since last request: 0.000033 seconds.
  path: Assets/AddOns/MgKarting_Racetrack/Prefabs/RTC_TrackParts/RTC_BankRight_TurnShort.prefab
  artifactKey: Guid(08847d3d5bf43fd4aa2957794c846449) Importer(815301076,1909f56bfc062723c751e8b465ee728b)
Start importing Assets/AddOns/MgKarting_Racetrack/Prefabs/RTC_TrackParts/RTC_BankRight_TurnShort.prefab using Guid(08847d3d5bf43fd4aa2957794c846449) Importer(815301076,1909f56bfc062723c751e8b465ee728b)  -> (artifact id: 'a1ef68db1772cbc036f00578602922a1') in 0.039335 seconds
Number of updated asset objects reloaded before import = 0
Number of asset objects unloaded after import = 57
========================================================================
Received Import Request.
  Time since last request: 0.000029 seconds.
  path: Assets/AddOns/MgKarting_Racetrack/Prefabs/RTC_TrackParts/RTC_TurnMedium.prefab
  artifactKey: Guid(2579d530f84579c40a8fa4e1502a7ce0) Importer(815301076,1909f56bfc062723c751e8b465ee728b)
Start importing Assets/AddOns/MgKarting_Racetrack/Prefabs/RTC_TrackParts/RTC_TurnMedium.prefab using Guid(2579d530f84579c40a8fa4e1502a7ce0) Importer(815301076,1909f56bfc062723c751e8b465ee728b)  -> (artifact id: '3dc1525ac8ceb4a60c17e32f69dcc518') in 0.039372 seconds
Number of updated asset objects reloaded before import = 0
Number of asset objects unloaded after import = 57
========================================================================
Received Import Request.
  Time since last request: 0.000050 seconds.
  path: Assets/AddOns/MgKarting_Racetrack/Prefabs/RTC_TrackParts/RTC_Ramp_5m.prefab
  artifactKey: Guid(bcdd0a6e628ebcd42b554d9689eba716) Importer(815301076,1909f56bfc062723c751e8b465ee728b)
Start importing Assets/AddOns/MgKarting_Racetrack/Prefabs/RTC_TrackParts/RTC_Ramp_5m.prefab using Guid(bcdd0a6e628ebcd42b554d9689eba716) Importer(815301076,1909f56bfc062723c751e8b465ee728b)  -> (artifact id: '51ed7a391f8e2d16a42e2f29fd8f0029') in 0.038960 seconds
Number of updated asset objects reloaded before import = 0
Number of asset objects unloaded after import = 57
========================================================================
Received Import Request.
  Time since last request: 0.984802 seconds.
  path: Assets/AddOns/MgKarting_Racetrack/Prefabs/RTC_TrackParts/TrackVariant
  artifactKey: Guid(ed572a2240933ae42bb447ff57063a35) Importer(815301076,1909f56bfc062723c751e8b465ee728b)
Start importing Assets/AddOns/MgKarting_Racetrack/Prefabs/RTC_TrackParts/TrackVariant using Guid(ed572a2240933ae42bb447ff57063a35) Importer(815301076,1909f56bfc062723c751e8b465ee728b)  -> (artifact id: '117a5a1d2a008c3612dc89adb5969990') in 0.000719 seconds
Number of updated asset objects reloaded before import = 0
Number of asset objects unloaded after import = 0
========================================================================
Received Import Request.
  Time since last request: 0.079065 seconds.
  path: Assets/AddOns/MgKarting_Racetrack/Prefabs/RTC_TrackParts/TrackVariant/RTC_BankLeft_Straight Variant.prefab
  artifactKey: Guid(79b9b0d5476d368408c56250e05df462) Importer(815301076,1909f56bfc062723c751e8b465ee728b)
Start importing Assets/AddOns/MgKarting_Racetrack/Prefabs/RTC_TrackParts/TrackVariant/RTC_BankLeft_Straight Variant.prefab using Guid(79b9b0d5476d368408c56250e05df462) Importer(815301076,1909f56bfc062723c751e8b465ee728b)  -> (artifact id: '72f88722457b92b00196e5347dc49c56') in 0.036960 seconds
Number of updated asset objects reloaded before import = 0
Number of asset objects unloaded after import = 87
========================================================================
Received Import Request.
  Time since last request: 0.000043 seconds.
  path: Assets/AddOns/MgKarting_Racetrack/Prefabs/RTC_TrackParts/TrackVariant/RTC_Ramp_Long_10m Variant.prefab
  artifactKey: Guid(66cffa5d0df423742853496a131bdd06) Importer(815301076,1909f56bfc062723c751e8b465ee728b)
Start importing Assets/AddOns/MgKarting_Racetrack/Prefabs/RTC_TrackParts/TrackVariant/RTC_Ramp_Long_10m Variant.prefab using Guid(66cffa5d0df423742853496a131bdd06) Importer(815301076,1909f56bfc062723c751e8b465ee728b)  -> (artifact id: '91ce1e23220d49339a319e7d9badc139') in 0.044934 seconds
Number of updated asset objects reloaded before import = 0
Number of asset objects unloaded after import = 86
========================================================================
Received Import Request.
  Time since last request: 0.000046 seconds.
  path: Assets/AddOns/MgKarting_Racetrack/Prefabs/RTC_TrackParts/TrackVariant/RTC_ChicaneS_Left Variant.prefab
  artifactKey: Guid(51558ad31f59cb84699c3b8b12f48b02) Importer(815301076,1909f56bfc062723c751e8b465ee728b)
Start importing Assets/AddOns/MgKarting_Racetrack/Prefabs/RTC_TrackParts/TrackVariant/RTC_ChicaneS_Left Variant.prefab using Guid(51558ad31f59cb84699c3b8b12f48b02) Importer(815301076,1909f56bfc062723c751e8b465ee728b)  -> (artifact id: '2583bbfb1d05070907a643c7a58da59a') in 0.040571 seconds
Number of updated asset objects reloaded before import = 0
Number of asset objects unloaded after import = 143
========================================================================
Received Import Request.
  Time since last request: 0.000036 seconds.
  path: Assets/AddOns/MgKarting_Racetrack/Prefabs/RTC_TrackParts/TrackVariant/RTC_ChicaneS_Right Variant.prefab
  artifactKey: Guid(3a5c263394beba949b1ff3dccfc65798) Importer(815301076,1909f56bfc062723c751e8b465ee728b)
Start importing Assets/AddOns/MgKarting_Racetrack/Prefabs/RTC_TrackParts/TrackVariant/RTC_ChicaneS_Right Variant.prefab using Guid(3a5c263394beba949b1ff3dccfc65798) Importer(815301076,1909f56bfc062723c751e8b465ee728b)  -> (artifact id: 'b8d2c9bd08dd0fd64612aed6e329c036') in 0.043212 seconds
Number of updated asset objects reloaded before import = 0
Number of asset objects unloaded after import = 148
========================================================================
Received Import Request.
  Time since last request: 0.000043 seconds.
  path: Assets/AddOns/MgKarting_Racetrack/Prefabs/RTC_TrackParts/TrackVariant/RTC_BankRight_Straight Variant.prefab
  artifactKey: Guid(b2cc4d41a2ca944458a85f128e76cbb7) Importer(815301076,1909f56bfc062723c751e8b465ee728b)
Start importing Assets/AddOns/MgKarting_Racetrack/Prefabs/RTC_TrackParts/TrackVariant/RTC_BankRight_Straight Variant.prefab using Guid(b2cc4d41a2ca944458a85f128e76cbb7) Importer(815301076,1909f56bfc062723c751e8b465ee728b)  -> (artifact id: '80043278e5a255254c6213974c168c36') in 0.043900 seconds
Number of updated asset objects reloaded before import = 0
Number of asset objects unloaded after import = 86
========================================================================
Received Import Request.
  Time since last request: 0.000056 seconds.
  path: Assets/AddOns/MgKarting_Racetrack/Prefabs/RTC_TrackParts/TrackVariant/RTC_TurnU Variant.prefab
  artifactKey: Guid(b7b80d4402dcce0488c2d68702d32a42) Importer(815301076,1909f56bfc062723c751e8b465ee728b)
Start importing Assets/AddOns/MgKarting_Racetrack/Prefabs/RTC_TrackParts/TrackVariant/RTC_TurnU Variant.prefab using Guid(b7b80d4402dcce0488c2d68702d32a42) Importer(815301076,1909f56bfc062723c751e8b465ee728b)  -> (artifact id: 'a52cb46b45262819a4a120cb59d651d1') in 0.058285 seconds
Number of updated asset objects reloaded before import = 0
Number of asset objects unloaded after import = 199
========================================================================
Received Import Request.
  Time since last request: 0.000051 seconds.
  path: Assets/AddOns/MgKarting_Racetrack/Prefabs/RTC_TrackParts/TrackVariant/RTC_TurnMedium Variant.prefab
  artifactKey: Guid(0b93f99de3e3edd41b13f35c091e1bdd) Importer(815301076,1909f56bfc062723c751e8b465ee728b)
Start importing Assets/AddOns/MgKarting_Racetrack/Prefabs/RTC_TrackParts/TrackVariant/RTC_TurnMedium Variant.prefab using Guid(0b93f99de3e3edd41b13f35c091e1bdd) Importer(815301076,1909f56bfc062723c751e8b465ee728b)  -> (artifact id: '6f5e97b6c04b09cc2f3f58719ff49758') in 0.058024 seconds
Number of updated asset objects reloaded before import = 0
Number of asset objects unloaded after import = 199
========================================================================
Received Import Request.
  Time since last request: 0.000051 seconds.
  path: Assets/AddOns/MgKarting_Racetrack/Prefabs/RTC_TrackParts/TrackVariant/RTC_Straight Variant.prefab
  artifactKey: Guid(a196bb309b90ac04ba66a18526dd8bf9) Importer(815301076,1909f56bfc062723c751e8b465ee728b)
Start importing Assets/AddOns/MgKarting_Racetrack/Prefabs/RTC_TrackParts/TrackVariant/RTC_Straight Variant.prefab using Guid(a196bb309b90ac04ba66a18526dd8bf9) Importer(815301076,1909f56bfc062723c751e8b465ee728b)  -> (artifact id: '7f91d3fe56e81fbf4465cc025873dbc6') in 0.048545 seconds
Number of updated asset objects reloaded before import = 0
Number of asset objects unloaded after import = 118
========================================================================
Received Import Request.
  Time since last request: 450.821829 seconds.
  path: Assets/AddOns/MgKarting_Racetrack/Models/RTC/Colliders/NewLayer 1.terrainlayer
  artifactKey: Guid(94a9c0c0a2c8eaa4fab4e1268b8996aa) Importer(815301076,1909f56bfc062723c751e8b465ee728b)
Start importing Assets/AddOns/MgKarting_Racetrack/Models/RTC/Colliders/NewLayer 1.terrainlayer using Guid(94a9c0c0a2c8eaa4fab4e1268b8996aa) Importer(815301076,1909f56bfc062723c751e8b465ee728b)  -> (artifact id: '775135f68da484cae0c3461bcced763b') in 0.030475 seconds
Number of updated asset objects reloaded before import = 0
Number of asset objects unloaded after import = 2
